{"/mnt/d/GenAI/free-genai-bootcamp-2025/flashcard/frontend/src/App.svelte": {"path":"/mnt/d/GenAI/free-genai-bootcamp-2025/flashcard/frontend/src/App.svelte","statementMap":{"0":{"start":{"line":4,"column":205},"end":{"line":4,"column":231}},"1":{"start":{"line":5,"column":25},"end":{"line":5,"column":50}},"2":{"start":{"line":6,"column":28},"end":{"line":6,"column":65}},"3":{"start":{"line":7,"column":26},"end":{"line":7,"column":57}},"4":{"start":{"line":8,"column":27},"end":{"line":8,"column":59}},"5":{"start":{"line":9,"column":36},"end":{"line":9,"column":77}},"6":{"start":{"line":10,"column":13},"end":{"line":10,"column":25}},"7":{"start":{"line":20,"column":1},"end":{"line":20,"column":59}},"8":{"start":{"line":22,"column":1},"end":{"line":25,"column":5}},"9":{"start":{"line":27,"column":1},"end":{"line":30,"column":5}},"10":{"start":{"line":32,"column":15},"end":{"line":69,"column":2}},"11":{"start":{"line":34,"column":3},"end":{"line":34,"column":38}},"12":{"start":{"line":35,"column":3},"end":{"line":35,"column":16}},"13":{"start":{"line":36,"column":3},"end":{"line":36,"column":39}},"14":{"start":{"line":37,"column":3},"end":{"line":37,"column":16}},"15":{"start":{"line":38,"column":3},"end":{"line":38,"column":48}},"16":{"start":{"line":41,"column":3},"end":{"line":41,"column":41}},"17":{"start":{"line":42,"column":3},"end":{"line":42,"column":34}},"18":{"start":{"line":43,"column":3},"end":{"line":43,"column":42}},"19":{"start":{"line":44,"column":3},"end":{"line":44,"column":34}},"20":{"start":{"line":45,"column":3},"end":{"line":45,"column":51}},"21":{"start":{"line":46,"column":3},"end":{"line":46,"column":18}},"22":{"start":{"line":50,"column":3},"end":{"line":50,"column":23}},"23":{"start":{"line":50,"column":16},"end":{"line":50,"column":23}},"24":{"start":{"line":51,"column":3},"end":{"line":51,"column":42}},"25":{"start":{"line":52,"column":3},"end":{"line":52,"column":43}},"26":{"start":{"line":53,"column":3},"end":{"line":53,"column":52}},"27":{"start":{"line":54,"column":3},"end":{"line":54,"column":18}},"28":{"start":{"line":57,"column":3},"end":{"line":57,"column":43}},"29":{"start":{"line":58,"column":3},"end":{"line":58,"column":44}},"30":{"start":{"line":59,"column":3},"end":{"line":59,"column":53}},"31":{"start":{"line":60,"column":3},"end":{"line":60,"column":19}},"32":{"start":{"line":63,"column":3},"end":{"line":63,"column":38}},"33":{"start":{"line":64,"column":3},"end":{"line":64,"column":33}},"34":{"start":{"line":64,"column":18},"end":{"line":64,"column":33}},"35":{"start":{"line":65,"column":3},"end":{"line":65,"column":39}},"36":{"start":{"line":66,"column":3},"end":{"line":66,"column":33}},"37":{"start":{"line":66,"column":18},"end":{"line":66,"column":33}},"38":{"start":{"line":67,"column":3},"end":{"line":67,"column":48}},"39":{"start":{"line":71,"column":1},"end":{"line":77,"column":4}},"40":{"start":{"line":79,"column":1},"end":{"line":79,"column":14}},"41":{"start":{"line":87,"column":1},"end":{"line":87,"column":41}},"42":{"start":{"line":89,"column":1},"end":{"line":95,"column":5}},"43":{"start":{"line":97,"column":15},"end":{"line":137,"column":2}},"44":{"start":{"line":99,"column":3},"end":{"line":99,"column":40}},"45":{"start":{"line":100,"column":3},"end":{"line":100,"column":15}},"46":{"start":{"line":101,"column":3},"end":{"line":101,"column":40}},"47":{"start":{"line":104,"column":3},"end":{"line":104,"column":114}},"48":{"start":{"line":107,"column":3},"end":{"line":107,"column":43}},"49":{"start":{"line":108,"column":3},"end":{"line":108,"column":33}},"50":{"start":{"line":109,"column":3},"end":{"line":109,"column":43}},"51":{"start":{"line":110,"column":3},"end":{"line":110,"column":18}},"52":{"start":{"line":113,"column":26},"end":{"line":113,"column":28}},"53":{"start":{"line":115,"column":3},"end":{"line":117,"column":4}},"54":{"start":{"line":116,"column":4},"end":{"line":116,"column":44}},"55":{"start":{"line":119,"column":3},"end":{"line":119,"column":31}},"56":{"start":{"line":122,"column":3},"end":{"line":122,"column":23}},"57":{"start":{"line":122,"column":16},"end":{"line":122,"column":23}},"58":{"start":{"line":123,"column":3},"end":{"line":123,"column":44}},"59":{"start":{"line":124,"column":3},"end":{"line":124,"column":44}},"60":{"start":{"line":125,"column":3},"end":{"line":125,"column":18}},"61":{"start":{"line":128,"column":3},"end":{"line":128,"column":45}},"62":{"start":{"line":129,"column":3},"end":{"line":129,"column":45}},"63":{"start":{"line":130,"column":3},"end":{"line":130,"column":19}},"64":{"start":{"line":133,"column":3},"end":{"line":133,"column":40}},"65":{"start":{"line":134,"column":3},"end":{"line":134,"column":32}},"66":{"start":{"line":134,"column":18},"end":{"line":134,"column":32}},"67":{"start":{"line":135,"column":3},"end":{"line":135,"column":40}},"68":{"start":{"line":139,"column":1},"end":{"line":145,"column":4}},"69":{"start":{"line":147,"column":1},"end":{"line":147,"column":14}},"70":{"start":{"line":151,"column":40},"end":{"line":151,"column":47}},"71":{"start":{"line":152,"column":1},"end":{"line":152,"column":34}},"72":{"start":{"line":153,"column":24},"end":{"line":153,"column":26}},"73":{"start":{"line":155,"column":1},"end":{"line":157,"column":4}},"74":{"start":{"line":156,"column":2},"end":{"line":156,"column":144}},"75":{"start":{"line":156,"column":83},"end":{"line":156,"column":144}},"76":{"start":{"line":159,"column":1},"end":{"line":166,"column":4}},"77":{"start":{"line":159,"column":32},"end":{"line":166,"column":2}},"78":{"start":{"line":168,"column":1},"end":{"line":168,"column":11}},"79":{"start":{"line":173,"column":2},"end":{"line":173,"column":17}},"80":{"start":{"line":174,"column":2},"end":{"line":174,"column":69}},"81":{"start":{"line":176,"column":2},"end":{"line":181,"column":5}},"82":{"start":{"line":185,"column":0},"end":{"line":185,"column":22}},"83":{"start":{"line":185,"column":22},"end":{"line":185,"column":84}}},"fnMap":{"0":{"name":"create_default_slot","decl":{"start":{"line":13,"column":9},"end":{"line":13,"column":28}},"loc":{"start":{"line":13,"column":34},"end":{"line":80,"column":1}},"line":13},"1":{"name":"create","decl":{"start":{"line":33,"column":14},"end":{"line":33,"column":20}},"loc":{"start":{"line":33,"column":23},"end":{"line":39,"column":3}},"line":33},"2":{"name":"mount","decl":{"start":{"line":40,"column":14},"end":{"line":40,"column":19}},"loc":{"start":{"line":40,"column":36},"end":{"line":47,"column":3}},"line":40},"3":{"name":"intro","decl":{"start":{"line":49,"column":14},"end":{"line":49,"column":19}},"loc":{"start":{"line":49,"column":27},"end":{"line":55,"column":3}},"line":49},"4":{"name":"outro","decl":{"start":{"line":56,"column":14},"end":{"line":56,"column":19}},"loc":{"start":{"line":56,"column":27},"end":{"line":61,"column":3}},"line":56},"5":{"name":"destroy","decl":{"start":{"line":62,"column":14},"end":{"line":62,"column":21}},"loc":{"start":{"line":62,"column":33},"end":{"line":68,"column":3}},"line":62},"6":{"name":"create_fragment","decl":{"start":{"line":82,"column":9},"end":{"line":82,"column":24}},"loc":{"start":{"line":82,"column":30},"end":{"line":148,"column":1}},"line":82},"7":{"name":"create","decl":{"start":{"line":98,"column":14},"end":{"line":98,"column":20}},"loc":{"start":{"line":98,"column":23},"end":{"line":102,"column":3}},"line":98},"8":{"name":"claim","decl":{"start":{"line":103,"column":14},"end":{"line":103,"column":19}},"loc":{"start":{"line":103,"column":27},"end":{"line":105,"column":3}},"line":103},"9":{"name":"mount","decl":{"start":{"line":106,"column":14},"end":{"line":106,"column":19}},"loc":{"start":{"line":106,"column":36},"end":{"line":111,"column":3}},"line":106},"10":{"name":"update","decl":{"start":{"line":112,"column":14},"end":{"line":112,"column":20}},"loc":{"start":{"line":112,"column":35},"end":{"line":120,"column":3}},"line":112},"11":{"name":"intro","decl":{"start":{"line":121,"column":14},"end":{"line":121,"column":19}},"loc":{"start":{"line":121,"column":27},"end":{"line":126,"column":3}},"line":121},"12":{"name":"outro","decl":{"start":{"line":127,"column":14},"end":{"line":127,"column":19}},"loc":{"start":{"line":127,"column":27},"end":{"line":131,"column":3}},"line":127},"13":{"name":"destroy","decl":{"start":{"line":132,"column":14},"end":{"line":132,"column":21}},"loc":{"start":{"line":132,"column":33},"end":{"line":136,"column":3}},"line":132},"14":{"name":"instance","decl":{"start":{"line":150,"column":9},"end":{"line":150,"column":17}},"loc":{"start":{"line":150,"column":49},"end":{"line":169,"column":1}},"line":150},"15":{"name":"(anonymous_15)","decl":{"start":{"line":155,"column":30},"end":{"line":155,"column":31}},"loc":{"start":{"line":155,"column":37},"end":{"line":157,"column":2}},"line":155},"16":{"name":"(anonymous_16)","decl":{"start":{"line":159,"column":25},"end":{"line":159,"column":26}},"loc":{"start":{"line":159,"column":32},"end":{"line":166,"column":2}},"line":159},"17":{"name":"(anonymous_17)","decl":{"start":{"line":172,"column":1},"end":{"line":172,"column":2}},"loc":{"start":{"line":172,"column":22},"end":{"line":182,"column":2}},"line":172}},"branchMap":{"0":{"loc":{"start":{"line":50,"column":3},"end":{"line":50,"column":23}},"type":"if","locations":[{"start":{"line":50,"column":3},"end":{"line":50,"column":23}},{"start":{},"end":{}}],"line":50},"1":{"loc":{"start":{"line":64,"column":3},"end":{"line":64,"column":33}},"type":"if","locations":[{"start":{"line":64,"column":3},"end":{"line":64,"column":33}},{"start":{},"end":{}}],"line":64},"2":{"loc":{"start":{"line":66,"column":3},"end":{"line":66,"column":33}},"type":"if","locations":[{"start":{"line":66,"column":3},"end":{"line":66,"column":33}},{"start":{},"end":{}}],"line":66},"3":{"loc":{"start":{"line":115,"column":3},"end":{"line":117,"column":4}},"type":"if","locations":[{"start":{"line":115,"column":3},"end":{"line":117,"column":4}},{"start":{},"end":{}}],"line":115},"4":{"loc":{"start":{"line":122,"column":3},"end":{"line":122,"column":23}},"type":"if","locations":[{"start":{"line":122,"column":3},"end":{"line":122,"column":23}},{"start":{},"end":{}}],"line":122},"5":{"loc":{"start":{"line":134,"column":3},"end":{"line":134,"column":32}},"type":"if","locations":[{"start":{"line":134,"column":3},"end":{"line":134,"column":32}},{"start":{},"end":{}}],"line":134},"6":{"loc":{"start":{"line":151,"column":16},"end":{"line":151,"column":26}},"type":"default-arg","locations":[{"start":{"line":151,"column":24},"end":{"line":151,"column":26}}],"line":151},"7":{"loc":{"start":{"line":156,"column":2},"end":{"line":156,"column":144}},"type":"if","locations":[{"start":{"line":156,"column":2},"end":{"line":156,"column":144}},{"start":{},"end":{}}],"line":156},"8":{"loc":{"start":{"line":156,"column":6},"end":{"line":156,"column":81}},"type":"binary-expr","locations":[{"start":{"line":156,"column":6},"end":{"line":156,"column":35}},{"start":{"line":156,"column":39},"end":{"line":156,"column":63}},{"start":{"line":156,"column":67},"end":{"line":156,"column":81}}],"line":156}},"s":{"0":1,"1":1,"2":1,"3":1,"4":1,"5":1,"6":1,"7":0,"8":0,"9":0,"10":0,"11":0,"12":0,"13":0,"14":0,"15":0,"16":0,"17":0,"18":0,"19":0,"20":0,"21":0,"22":0,"23":0,"24":0,"25":0,"26":0,"27":0,"28":0,"29":0,"30":0,"31":0,"32":0,"33":0,"34":0,"35":0,"36":0,"37":0,"38":0,"39":0,"40":0,"41":0,"42":0,"43":0,"44":0,"45":0,"46":0,"47":0,"48":0,"49":0,"50":0,"51":0,"52":0,"53":0,"54":0,"55":0,"56":0,"57":0,"58":0,"59":0,"60":0,"61":0,"62":0,"63":0,"64":0,"65":0,"66":0,"67":0,"68":0,"69":0,"70":0,"71":0,"72":0,"73":0,"74":0,"75":0,"76":0,"77":0,"78":0,"79":0,"80":0,"81":0,"82":1,"83":1},"f":{"0":0,"1":0,"2":0,"3":0,"4":0,"5":0,"6":0,"7":0,"8":0,"9":0,"10":0,"11":0,"12":0,"13":0,"14":0,"15":0,"16":0,"17":0},"b":{"0":[0,0],"1":[0,0],"2":[0,0],"3":[0,0],"4":[0,0],"5":[0,0],"6":[0],"7":[0,0],"8":[0,0,0]},"inputSourceMap":{"0":"{","1":"\"","2":"v","3":"e","4":"r","5":"s","6":"i","7":"o","8":"n","9":"\"","10":":","11":"3","12":",","13":"\"","14":"n","15":"a","16":"m","17":"e","18":"s","19":"\"","20":":","21":"[","22":"]","23":",","24":"\"","25":"s","26":"o","27":"u","28":"r","29":"c","30":"e","31":"s","32":"\"","33":":","34":"[","35":"\"","36":"A","37":"p","38":"p","39":".","40":"s","41":"v","42":"e","43":"l","44":"t","45":"e","46":"\"","47":"]","48":",","49":"\"","50":"s","51":"o","52":"u","53":"r","54":"c","55":"e","56":"s","57":"C","58":"o","59":"n","60":"t","61":"e","62":"n","63":"t","64":"\"","65":":","66":"[","67":"\"","68":"<","69":"s","70":"c","71":"r","72":"i","73":"p","74":"t","75":">","76":"\\","77":"n","78":" ","79":" ","80":" ","81":" ","82":"i","83":"m","84":"p","85":"o","86":"r","87":"t","88":" ","89":"{","90":" ","91":"R","92":"o","93":"u","94":"t","95":"e","96":"r","97":",","98":" ","99":"L","100":"i","101":"n","102":"k","103":" ","104":"}","105":" ","106":"f","107":"r","108":"o","109":"m","110":" ","111":"'","112":"s","113":"v","114":"e","115":"l","116":"t","117":"e","118":"-","119":"r","120":"o","121":"u","122":"t","123":"i","124":"n","125":"g","126":"'","127":"\\","128":"n","129":" ","130":" ","131":" ","132":" ","133":"i","134":"m","135":"p","136":"o","137":"r","138":"t","139":" ","140":"N","141":"a","142":"v","143":"b","144":"a","145":"r","146":" ","147":"f","148":"r","149":"o","150":"m","151":" ","152":"'","153":".","154":"/","155":"c","156":"o","157":"m","158":"p","159":"o","160":"n","161":"e","162":"n","163":"t","164":"s","165":"/","166":"N","167":"a","168":"v","169":"b","170":"a","171":"r","172":".","173":"s","174":"v","175":"e","176":"l","177":"t","178":"e","179":"'","180":"\\","181":"n","182":" ","183":" ","184":" ","185":" ","186":"i","187":"m","188":"p","189":"o","190":"r","191":"t","192":" ","193":"H","194":"o","195":"m","196":"e","197":" ","198":"f","199":"r","200":"o","201":"m","202":" ","203":"'","204":".","205":"/","206":"r","207":"o","208":"u","209":"t","210":"e","211":"s","212":"/","213":"H","214":"o","215":"m","216":"e","217":".","218":"s","219":"v","220":"e","221":"l","222":"t","223":"e","224":"'","225":"\\","226":"n","227":" ","228":" ","229":" ","230":" ","231":"i","232":"m","233":"p","234":"o","235":"r","236":"t","237":" ","238":"L","239":"o","240":"g","241":"i","242":"n","243":" ","244":"f","245":"r","246":"o","247":"m","248":" ","249":"'","250":".","251":"/","252":"r","253":"o","254":"u","255":"t","256":"e","257":"s","258":"/","259":"L","260":"o","261":"g","262":"i","263":"n","264":".","265":"s","266":"v","267":"e","268":"l","269":"t","270":"e","271":"'","272":"\\","273":"n","274":" ","275":" ","276":" ","277":" ","278":"i","279":"m","280":"p","281":"o","282":"r","283":"t","284":" ","285":"D","286":"e","287":"c","288":"k","289":"M","290":"a","291":"n","292":"a","293":"g","294":"e","295":"m","296":"e","297":"n","298":"t","299":" ","300":"f","301":"r","302":"o","303":"m","304":" ","305":"'","306":".","307":"/","308":"r","309":"o","310":"u","311":"t","312":"e","313":"s","314":"/","315":"D","316":"e","317":"c","318":"k","319":"M","320":"a","321":"n","322":"a","323":"g","324":"e","325":"m","326":"e","327":"n","328":"t","329":".","330":"s","331":"v","332":"e","333":"l","334":"t","335":"e","336":"'","337":"\\","338":"n","339":"<","340":"/","341":"s","342":"c","343":"r","344":"i","345":"p","346":"t","347":">","348":"\\","349":"n","350":"\\","351":"n","352":"<","353":"N","354":"a","355":"v","356":"b","357":"a","358":"r","359":" ","360":"/","361":">","362":"\\","363":"n","364":"<","365":"R","366":"o","367":"u","368":"t","369":"e","370":"r","371":">","372":"\\","373":"n","374":" ","375":" ","376":" ","377":" ","378":"<","379":"H","380":"o","381":"m","382":"e","383":" ","384":"p","385":"a","386":"t","387":"h","388":"=","389":"\\","390":"\"","391":"/","392":"\\","393":"\"","394":" ","395":"/","396":">","397":"\\","398":"n","399":" ","400":" ","401":" ","402":" ","403":"<","404":"L","405":"o","406":"g","407":"i","408":"n","409":" ","410":"p","411":"a","412":"t","413":"h","414":"=","415":"\\","416":"\"","417":"/","418":"l","419":"o","420":"g","421":"i","422":"n","423":"\\","424":"\"","425":" ","426":"/","427":">","428":"\\","429":"n","430":" ","431":" ","432":" ","433":" ","434":"<","435":"D","436":"e","437":"c","438":"k","439":"M","440":"a","441":"n","442":"a","443":"g","444":"e","445":"m","446":"e","447":"n","448":"t","449":" ","450":"p","451":"a","452":"t","453":"h","454":"=","455":"\\","456":"\"","457":"/","458":"d","459":"e","460":"c","461":"k","462":"s","463":"\\","464":"\"","465":" ","466":"/","467":">","468":"\\","469":"n","470":"<","471":"/","472":"R","473":"o","474":"u","475":"t","476":"e","477":"r","478":">","479":"\\","480":"n","481":"\"","482":"]","483":",","484":"\"","485":"m","486":"a","487":"p","488":"p","489":"i","490":"n","491":"g","492":"s","493":"\"","494":":","495":"\"","496":";","497":";","498":";","499":";","500":"Q","501":"A","502":"C","503":"a","504":",","505":"M","506":"A","507":"A","508":"M","509":",","510":"E","511":"A","512":"A","513":"E","514":",","515":"I","516":"A","517":"A","518":"I","519":";","520":"i","521":"B","522":"A","523":"C","524":"d","525":",","526":"M","527":"A","528":"A","529":"M","530":";","531":"i","532":"B","533":"A","534":"C","535":"N","536":",","537":"I","538":"A","539":"A","540":"I","541":";","542":"i","543":"B","544":"A","545":"C","546":"J","547":",","548":"K","549":"A","550":"A","551":"K","552":";","553":"i","554":"B","555":"A","556":"C","557":"L","558":",","559":"c","560":"A","561":"A","562":"c","563":";","564":";","565":";","566":";","567":";","568":";","569":";","570":";","571":";","572":";","573":";","574":";","575":";","576":";","577":";","578":";","579":";","580":";","581":";","582":";","583":";","584":";","585":";","586":";","587":";","588":";","589":";","590":";","591":";","592":";","593":";","594":";","595":";","596":";","597":";","598":";","599":";","600":";","601":";","602":";","603":";","604":";","605":";","606":";","607":";","608":";","609":";","610":";","611":";","612":";","613":";","614":";","615":";","616":";","617":";","618":";","619":";","620":";","621":";","622":";","623":";","624":";","625":";","626":";","627":";","628":";","629":";","630":";","631":";","632":";","633":";","634":";","635":";","636":";","637":";","638":";","639":";","640":";","641":";","642":";","643":";","644":";","645":";","646":";","647":";","648":";","649":";","650":";","651":";","652":";","653":";","654":";","655":";","656":";","657":";","658":";","659":";","660":";","661":";","662":";","663":";","664":";","665":";","666":";","667":";","668":";","669":";","670":";","671":";","672":";","673":";","674":";","675":";","676":";","677":";","678":";","679":";","680":";","681":";","682":";","683":";","684":";","685":";","686":";","687":";","688":";","689":";","690":";","691":";","692":";","693":";","694":";","695":";","696":";","697":";","698":";","699":";","700":";","701":";","702":";","703":";","704":";","705":";","706":";","707":";","708":";","709":";","710":";","711":";","712":";","713":";","714":";","715":";","716":";","717":";","718":";","719":";","720":";","721":";","722":";","723":";","724":";","725":";","726":";","727":";","728":";","729":";","730":";","731":";","732":";","733":";","734":";","735":";","736":";","737":";","738":";","739":"\"","740":"}"},"_coverageSchema":"1a1c01bbd47fc00a2c39e90264f33305004495a9","hash":"e4bb48d253b3e53be761f4f677e046f391fe3e1b"}
,"/mnt/d/GenAI/free-genai-bootcamp-2025/flashcard/frontend/src/components/Deck.svelte": {"path":"/mnt/d/GenAI/free-genai-bootcamp-2025/flashcard/frontend/src/components/Deck.svelte","statementMap":{"0":{"start":{"line":4,"column":314},"end":{"line":4,"column":340}},"1":{"start":{"line":5,"column":17},"end":{"line":5,"column":42}},"2":{"start":{"line":6,"column":23},"end":{"line":6,"column":49}},"3":{"start":{"line":7,"column":13},"end":{"line":7,"column":26}},"4":{"start":{"line":10,"column":1},"end":{"line":10,"column":3810}},"5":{"start":{"line":23,"column":1},"end":{"line":31,"column":5}},"6":{"start":{"line":33,"column":1},"end":{"line":41,"column":5}},"7":{"start":{"line":43,"column":1},"end":{"line":51,"column":5}},"8":{"start":{"line":53,"column":15},"end":{"line":118,"column":2}},"9":{"start":{"line":55,"column":3},"end":{"line":55,"column":24}},"10":{"start":{"line":56,"column":3},"end":{"line":56,"column":39}},"11":{"start":{"line":57,"column":3},"end":{"line":57,"column":16}},"12":{"start":{"line":58,"column":3},"end":{"line":58,"column":39}},"13":{"start":{"line":59,"column":3},"end":{"line":59,"column":16}},"14":{"start":{"line":60,"column":3},"end":{"line":60,"column":39}},"15":{"start":{"line":61,"column":3},"end":{"line":61,"column":57}},"16":{"start":{"line":62,"column":3},"end":{"line":62,"column":39}},"17":{"start":{"line":65,"column":3},"end":{"line":65,"column":35}},"18":{"start":{"line":66,"column":3},"end":{"line":66,"column":37}},"19":{"start":{"line":67,"column":3},"end":{"line":67,"column":23}},"20":{"start":{"line":68,"column":3},"end":{"line":68,"column":37}},"21":{"start":{"line":69,"column":3},"end":{"line":69,"column":23}},"22":{"start":{"line":70,"column":3},"end":{"line":70,"column":37}},"23":{"start":{"line":71,"column":3},"end":{"line":71,"column":18}},"24":{"start":{"line":74,"column":25},"end":{"line":74,"column":27}},"25":{"start":{"line":75,"column":3},"end":{"line":75,"column":77}},"26":{"start":{"line":75,"column":27},"end":{"line":75,"column":77}},"27":{"start":{"line":77,"column":3},"end":{"line":79,"column":4}},"28":{"start":{"line":78,"column":4},"end":{"line":78,"column":43}},"29":{"start":{"line":81,"column":3},"end":{"line":81,"column":29}},"30":{"start":{"line":82,"column":25},"end":{"line":82,"column":27}},"31":{"start":{"line":83,"column":3},"end":{"line":83,"column":83}},"32":{"start":{"line":83,"column":27},"end":{"line":83,"column":83}},"33":{"start":{"line":85,"column":3},"end":{"line":87,"column":4}},"34":{"start":{"line":86,"column":4},"end":{"line":86,"column":43}},"35":{"start":{"line":89,"column":3},"end":{"line":89,"column":29}},"36":{"start":{"line":90,"column":25},"end":{"line":90,"column":27}},"37":{"start":{"line":91,"column":3},"end":{"line":91,"column":82}},"38":{"start":{"line":91,"column":27},"end":{"line":91,"column":82}},"39":{"start":{"line":93,"column":3},"end":{"line":95,"column":4}},"40":{"start":{"line":94,"column":4},"end":{"line":94,"column":43}},"41":{"start":{"line":97,"column":3},"end":{"line":97,"column":29}},"42":{"start":{"line":100,"column":3},"end":{"line":100,"column":23}},"43":{"start":{"line":100,"column":16},"end":{"line":100,"column":23}},"44":{"start":{"line":101,"column":3},"end":{"line":101,"column":43}},"45":{"start":{"line":102,"column":3},"end":{"line":102,"column":43}},"46":{"start":{"line":103,"column":3},"end":{"line":103,"column":43}},"47":{"start":{"line":104,"column":3},"end":{"line":104,"column":18}},"48":{"start":{"line":107,"column":3},"end":{"line":107,"column":44}},"49":{"start":{"line":108,"column":3},"end":{"line":108,"column":44}},"50":{"start":{"line":109,"column":3},"end":{"line":109,"column":44}},"51":{"start":{"line":110,"column":3},"end":{"line":110,"column":19}},"52":{"start":{"line":113,"column":3},"end":{"line":113,"column":34}},"53":{"start":{"line":113,"column":18},"end":{"line":113,"column":34}},"54":{"start":{"line":114,"column":3},"end":{"line":114,"column":28}},"55":{"start":{"line":115,"column":3},"end":{"line":115,"column":28}},"56":{"start":{"line":116,"column":3},"end":{"line":116,"column":28}},"57":{"start":{"line":120,"column":1},"end":{"line":126,"column":4}},"58":{"start":{"line":128,"column":1},"end":{"line":128,"column":14}},"59":{"start":{"line":135,"column":15},"end":{"line":145,"column":2}},"60":{"start":{"line":137,"column":3},"end":{"line":137,"column":20}},"61":{"start":{"line":140,"column":3},"end":{"line":140,"column":33}},"62":{"start":{"line":143,"column":3},"end":{"line":143,"column":32}},"63":{"start":{"line":143,"column":18},"end":{"line":143,"column":32}},"64":{"start":{"line":147,"column":1},"end":{"line":153,"column":4}},"65":{"start":{"line":155,"column":1},"end":{"line":155,"column":14}},"66":{"start":{"line":162,"column":15},"end":{"line":172,"column":2}},"67":{"start":{"line":164,"column":3},"end":{"line":164,"column":21}},"68":{"start":{"line":167,"column":3},"end":{"line":167,"column":33}},"69":{"start":{"line":170,"column":3},"end":{"line":170,"column":32}},"70":{"start":{"line":170,"column":18},"end":{"line":170,"column":32}},"71":{"start":{"line":174,"column":1},"end":{"line":180,"column":4}},"72":{"start":{"line":182,"column":1},"end":{"line":182,"column":14}},"73":{"start":{"line":189,"column":15},"end":{"line":199,"column":2}},"74":{"start":{"line":191,"column":3},"end":{"line":191,"column":20}},"75":{"start":{"line":194,"column":3},"end":{"line":194,"column":33}},"76":{"start":{"line":197,"column":3},"end":{"line":197,"column":32}},"77":{"start":{"line":197,"column":18},"end":{"line":197,"column":32}},"78":{"start":{"line":201,"column":1},"end":{"line":207,"column":4}},"79":{"start":{"line":209,"column":1},"end":{"line":209,"column":14}},"80":{"start":{"line":216,"column":25},"end":{"line":216,"column":41}},"81":{"start":{"line":224,"column":32},"end":{"line":224,"column":62}},"82":{"start":{"line":226,"column":15},"end":{"line":304,"column":2}},"83":{"start":{"line":228,"column":3},"end":{"line":228,"column":25}},"84":{"start":{"line":229,"column":3},"end":{"line":229,"column":25}},"85":{"start":{"line":230,"column":3},"end":{"line":230,"column":22}},"86":{"start":{"line":231,"column":3},"end":{"line":231,"column":23}},"87":{"start":{"line":232,"column":3},"end":{"line":232,"column":16}},"88":{"start":{"line":233,"column":3},"end":{"line":233,"column":20}},"89":{"start":{"line":234,"column":3},"end":{"line":234,"column":26}},"90":{"start":{"line":235,"column":3},"end":{"line":235,"column":39}},"91":{"start":{"line":236,"column":3},"end":{"line":236,"column":16}},"92":{"start":{"line":237,"column":3},"end":{"line":237,"column":30}},"93":{"start":{"line":237,"column":17},"end":{"line":237,"column":30}},"94":{"start":{"line":238,"column":3},"end":{"line":238,"column":53}},"95":{"start":{"line":239,"column":3},"end":{"line":239,"column":38}},"96":{"start":{"line":240,"column":3},"end":{"line":240,"column":52}},"97":{"start":{"line":241,"column":3},"end":{"line":241,"column":37}},"98":{"start":{"line":242,"column":3},"end":{"line":242,"column":40}},"99":{"start":{"line":243,"column":3},"end":{"line":243,"column":40}},"100":{"start":{"line":244,"column":3},"end":{"line":244,"column":55}},"101":{"start":{"line":245,"column":3},"end":{"line":245,"column":46}},"102":{"start":{"line":246,"column":3},"end":{"line":246,"column":40}},"103":{"start":{"line":249,"column":3},"end":{"line":249,"column":114}},"104":{"start":{"line":252,"column":3},"end":{"line":252,"column":36}},"105":{"start":{"line":253,"column":3},"end":{"line":253,"column":26}},"106":{"start":{"line":254,"column":3},"end":{"line":254,"column":24}},"107":{"start":{"line":255,"column":3},"end":{"line":255,"column":22}},"108":{"start":{"line":256,"column":3},"end":{"line":256,"column":24}},"109":{"start":{"line":257,"column":3},"end":{"line":257,"column":23}},"110":{"start":{"line":258,"column":3},"end":{"line":258,"column":21}},"111":{"start":{"line":259,"column":3},"end":{"line":259,"column":21}},"112":{"start":{"line":260,"column":3},"end":{"line":260,"column":24}},"113":{"start":{"line":261,"column":3},"end":{"line":261,"column":40}},"114":{"start":{"line":261,"column":17},"end":{"line":261,"column":40}},"115":{"start":{"line":262,"column":3},"end":{"line":262,"column":18}},"116":{"start":{"line":265,"column":3},"end":{"line":265,"column":123}},"117":{"start":{"line":265,"column":96},"end":{"line":265,"column":123}},"118":{"start":{"line":266,"column":3},"end":{"line":266,"column":91}},"119":{"start":{"line":266,"column":48},"end":{"line":266,"column":91}},"120":{"start":{"line":268,"column":3},"end":{"line":289,"column":4}},"121":{"start":{"line":269,"column":4},"end":{"line":280,"column":5}},"122":{"start":{"line":270,"column":5},"end":{"line":270,"column":28}},"123":{"start":{"line":272,"column":5},"end":{"line":274,"column":6}},"124":{"start":{"line":273,"column":6},"end":{"line":273,"column":33}},"125":{"start":{"line":276,"column":5},"end":{"line":276,"column":37}},"126":{"start":{"line":277,"column":5},"end":{"line":277,"column":18}},"127":{"start":{"line":278,"column":5},"end":{"line":278,"column":32}},"128":{"start":{"line":279,"column":5},"end":{"line":279,"column":28}},"129":{"start":{"line":281,"column":10},"end":{"line":289,"column":4}},"130":{"start":{"line":282,"column":4},"end":{"line":282,"column":19}},"131":{"start":{"line":284,"column":4},"end":{"line":286,"column":7}},"132":{"start":{"line":285,"column":5},"end":{"line":285,"column":21}},"133":{"start":{"line":288,"column":4},"end":{"line":288,"column":19}},"134":{"start":{"line":292,"column":3},"end":{"line":292,"column":23}},"135":{"start":{"line":292,"column":16},"end":{"line":292,"column":23}},"136":{"start":{"line":293,"column":3},"end":{"line":293,"column":27}},"137":{"start":{"line":294,"column":3},"end":{"line":294,"column":18}},"138":{"start":{"line":297,"column":3},"end":{"line":297,"column":28}},"139":{"start":{"line":298,"column":3},"end":{"line":298,"column":19}},"140":{"start":{"line":301,"column":3},"end":{"line":301,"column":35}},"141":{"start":{"line":301,"column":18},"end":{"line":301,"column":35}},"142":{"start":{"line":302,"column":3},"end":{"line":302,"column":30}},"143":{"start":{"line":302,"column":17},"end":{"line":302,"column":30}},"144":{"start":{"line":306,"column":1},"end":{"line":312,"column":4}},"145":{"start":{"line":314,"column":1},"end":{"line":314,"column":14}},"146":{"start":{"line":319,"column":40},"end":{"line":319,"column":47}},"147":{"start":{"line":320,"column":1},"end":{"line":320,"column":35}},"148":{"start":{"line":321,"column":16},"end":{"line":321,"column":23}},"149":{"start":{"line":322,"column":30},"end":{"line":322,"column":37}},"150":{"start":{"line":324,"column":1},"end":{"line":328,"column":4}},"151":{"start":{"line":325,"column":2},"end":{"line":327,"column":3}},"152":{"start":{"line":326,"column":3},"end":{"line":326,"column":67}},"153":{"start":{"line":330,"column":24},"end":{"line":330,"column":47}},"154":{"start":{"line":332,"column":1},"end":{"line":334,"column":4}},"155":{"start":{"line":333,"column":2},"end":{"line":333,"column":145}},"156":{"start":{"line":333,"column":83},"end":{"line":333,"column":145}},"157":{"start":{"line":336,"column":1},"end":{"line":339,"column":3}},"158":{"start":{"line":337,"column":2},"end":{"line":337,"column":62}},"159":{"start":{"line":337,"column":25},"end":{"line":337,"column":62}},"160":{"start":{"line":338,"column":2},"end":{"line":338,"column":83}},"161":{"start":{"line":338,"column":32},"end":{"line":338,"column":83}},"162":{"start":{"line":341,"column":1},"end":{"line":347,"column":4}},"163":{"start":{"line":341,"column":32},"end":{"line":347,"column":2}},"164":{"start":{"line":349,"column":1},"end":{"line":353,"column":3}},"165":{"start":{"line":350,"column":2},"end":{"line":350,"column":62}},"166":{"start":{"line":350,"column":25},"end":{"line":350,"column":62}},"167":{"start":{"line":351,"column":2},"end":{"line":351,"column":83}},"168":{"start":{"line":351,"column":32},"end":{"line":351,"column":83}},"169":{"start":{"line":352,"column":2},"end":{"line":352,"column":89}},"170":{"start":{"line":352,"column":34},"end":{"line":352,"column":89}},"171":{"start":{"line":355,"column":1},"end":{"line":357,"column":2}},"172":{"start":{"line":356,"column":2},"end":{"line":356,"column":41}},"173":{"start":{"line":359,"column":1},"end":{"line":364,"column":3}},"174":{"start":{"line":360,"column":2},"end":{"line":363,"column":3}},"175":{"start":{"line":362,"column":3},"end":{"line":362,"column":67}},"176":{"start":{"line":362,"column":6},"end":{"line":362,"column":67}},"177":{"start":{"line":366,"column":1},"end":{"line":366,"column":43}},"178":{"start":{"line":371,"column":2},"end":{"line":371,"column":17}},"179":{"start":{"line":372,"column":2},"end":{"line":372,"column":103}},"180":{"start":{"line":374,"column":2},"end":{"line":379,"column":5}},"181":{"start":{"line":383,"column":2},"end":{"line":383,"column":24}},"182":{"start":{"line":387,"column":2},"end":{"line":387,"column":23}},"183":{"start":{"line":388,"column":2},"end":{"line":388,"column":10}},"184":{"start":{"line":392,"column":2},"end":{"line":392,"column":24}},"185":{"start":{"line":396,"column":2},"end":{"line":396,"column":30}},"186":{"start":{"line":397,"column":2},"end":{"line":397,"column":10}},"187":{"start":{"line":401,"column":0},"end":{"line":401,"column":23}},"188":{"start":{"line":401,"column":23},"end":{"line":401,"column":85}}},"fnMap":{"0":{"name":"add_css","decl":{"start":{"line":9,"column":9},"end":{"line":9,"column":16}},"loc":{"start":{"line":9,"column":25},"end":{"line":11,"column":1}},"line":9},"1":{"name":"create_if_block","decl":{"start":{"line":14,"column":9},"end":{"line":14,"column":24}},"loc":{"start":{"line":14,"column":30},"end":{"line":129,"column":1}},"line":14},"2":{"name":"create","decl":{"start":{"line":54,"column":14},"end":{"line":54,"column":20}},"loc":{"start":{"line":54,"column":23},"end":{"line":63,"column":3}},"line":54},"3":{"name":"mount","decl":{"start":{"line":64,"column":14},"end":{"line":64,"column":19}},"loc":{"start":{"line":64,"column":36},"end":{"line":72,"column":3}},"line":64},"4":{"name":"update","decl":{"start":{"line":73,"column":14},"end":{"line":73,"column":20}},"loc":{"start":{"line":73,"column":33},"end":{"line":98,"column":3}},"line":73},"5":{"name":"intro","decl":{"start":{"line":99,"column":14},"end":{"line":99,"column":19}},"loc":{"start":{"line":99,"column":27},"end":{"line":105,"column":3}},"line":99},"6":{"name":"outro","decl":{"start":{"line":106,"column":14},"end":{"line":106,"column":19}},"loc":{"start":{"line":106,"column":27},"end":{"line":111,"column":3}},"line":106},"7":{"name":"destroy","decl":{"start":{"line":112,"column":14},"end":{"line":112,"column":21}},"loc":{"start":{"line":112,"column":33},"end":{"line":117,"column":3}},"line":112},"8":{"name":"create_default_slot_2","decl":{"start":{"line":132,"column":9},"end":{"line":132,"column":30}},"loc":{"start":{"line":132,"column":36},"end":{"line":156,"column":1}},"line":132},"9":{"name":"create","decl":{"start":{"line":136,"column":14},"end":{"line":136,"column":20}},"loc":{"start":{"line":136,"column":23},"end":{"line":138,"column":3}},"line":136},"10":{"name":"mount","decl":{"start":{"line":139,"column":14},"end":{"line":139,"column":19}},"loc":{"start":{"line":139,"column":36},"end":{"line":141,"column":3}},"line":139},"11":{"name":"destroy","decl":{"start":{"line":142,"column":14},"end":{"line":142,"column":21}},"loc":{"start":{"line":142,"column":33},"end":{"line":144,"column":3}},"line":142},"12":{"name":"create_default_slot_1","decl":{"start":{"line":159,"column":9},"end":{"line":159,"column":30}},"loc":{"start":{"line":159,"column":36},"end":{"line":183,"column":1}},"line":159},"13":{"name":"create","decl":{"start":{"line":163,"column":14},"end":{"line":163,"column":20}},"loc":{"start":{"line":163,"column":23},"end":{"line":165,"column":3}},"line":163},"14":{"name":"mount","decl":{"start":{"line":166,"column":14},"end":{"line":166,"column":19}},"loc":{"start":{"line":166,"column":36},"end":{"line":168,"column":3}},"line":166},"15":{"name":"destroy","decl":{"start":{"line":169,"column":14},"end":{"line":169,"column":21}},"loc":{"start":{"line":169,"column":33},"end":{"line":171,"column":3}},"line":169},"16":{"name":"create_default_slot","decl":{"start":{"line":186,"column":9},"end":{"line":186,"column":28}},"loc":{"start":{"line":186,"column":34},"end":{"line":210,"column":1}},"line":186},"17":{"name":"create","decl":{"start":{"line":190,"column":14},"end":{"line":190,"column":20}},"loc":{"start":{"line":190,"column":23},"end":{"line":192,"column":3}},"line":190},"18":{"name":"mount","decl":{"start":{"line":193,"column":14},"end":{"line":193,"column":19}},"loc":{"start":{"line":193,"column":36},"end":{"line":195,"column":3}},"line":193},"19":{"name":"destroy","decl":{"start":{"line":196,"column":14},"end":{"line":196,"column":21}},"loc":{"start":{"line":196,"column":33},"end":{"line":198,"column":3}},"line":196},"20":{"name":"create_fragment","decl":{"start":{"line":212,"column":9},"end":{"line":212,"column":24}},"loc":{"start":{"line":212,"column":30},"end":{"line":315,"column":1}},"line":212},"21":{"name":"create","decl":{"start":{"line":227,"column":14},"end":{"line":227,"column":20}},"loc":{"start":{"line":227,"column":23},"end":{"line":247,"column":3}},"line":227},"22":{"name":"claim","decl":{"start":{"line":248,"column":14},"end":{"line":248,"column":19}},"loc":{"start":{"line":248,"column":27},"end":{"line":250,"column":3}},"line":248},"23":{"name":"mount","decl":{"start":{"line":251,"column":14},"end":{"line":251,"column":19}},"loc":{"start":{"line":251,"column":36},"end":{"line":263,"column":3}},"line":251},"24":{"name":"update","decl":{"start":{"line":264,"column":14},"end":{"line":264,"column":20}},"loc":{"start":{"line":264,"column":35},"end":{"line":290,"column":3}},"line":264},"25":{"name":"(anonymous_25)","decl":{"start":{"line":284,"column":35},"end":{"line":284,"column":36}},"loc":{"start":{"line":284,"column":41},"end":{"line":286,"column":5}},"line":284},"26":{"name":"intro","decl":{"start":{"line":291,"column":14},"end":{"line":291,"column":19}},"loc":{"start":{"line":291,"column":27},"end":{"line":295,"column":3}},"line":291},"27":{"name":"outro","decl":{"start":{"line":296,"column":14},"end":{"line":296,"column":19}},"loc":{"start":{"line":296,"column":27},"end":{"line":299,"column":3}},"line":296},"28":{"name":"destroy","decl":{"start":{"line":300,"column":14},"end":{"line":300,"column":21}},"loc":{"start":{"line":300,"column":33},"end":{"line":303,"column":3}},"line":300},"29":{"name":"instance","decl":{"start":{"line":317,"column":9},"end":{"line":317,"column":17}},"loc":{"start":{"line":317,"column":49},"end":{"line":367,"column":1}},"line":317},"30":{"name":"(anonymous_30)","decl":{"start":{"line":324,"column":25},"end":{"line":324,"column":26}},"loc":{"start":{"line":324,"column":37},"end":{"line":328,"column":2}},"line":324},"31":{"name":"(anonymous_31)","decl":{"start":{"line":332,"column":30},"end":{"line":332,"column":31}},"loc":{"start":{"line":332,"column":37},"end":{"line":334,"column":2}},"line":332},"32":{"name":"(anonymous_32)","decl":{"start":{"line":336,"column":16},"end":{"line":336,"column":17}},"loc":{"start":{"line":336,"column":27},"end":{"line":339,"column":2}},"line":336},"33":{"name":"(anonymous_33)","decl":{"start":{"line":341,"column":25},"end":{"line":341,"column":26}},"loc":{"start":{"line":341,"column":32},"end":{"line":347,"column":2}},"line":341},"34":{"name":"(anonymous_34)","decl":{"start":{"line":349,"column":24},"end":{"line":349,"column":25}},"loc":{"start":{"line":349,"column":35},"end":{"line":353,"column":2}},"line":349},"35":{"name":"(anonymous_35)","decl":{"start":{"line":359,"column":20},"end":{"line":359,"column":21}},"loc":{"start":{"line":359,"column":26},"end":{"line":364,"column":2}},"line":359},"36":{"name":"(anonymous_36)","decl":{"start":{"line":370,"column":1},"end":{"line":370,"column":2}},"loc":{"start":{"line":370,"column":22},"end":{"line":380,"column":2}},"line":370},"37":{"name":"(anonymous_37)","decl":{"start":{"line":382,"column":1},"end":{"line":382,"column":2}},"loc":{"start":{"line":382,"column":12},"end":{"line":384,"column":2}},"line":382},"38":{"name":"(anonymous_38)","decl":{"start":{"line":386,"column":1},"end":{"line":386,"column":2}},"loc":{"start":{"line":386,"column":16},"end":{"line":389,"column":2}},"line":386},"39":{"name":"(anonymous_39)","decl":{"start":{"line":391,"column":1},"end":{"line":391,"column":2}},"loc":{"start":{"line":391,"column":19},"end":{"line":393,"column":2}},"line":391},"40":{"name":"(anonymous_40)","decl":{"start":{"line":395,"column":1},"end":{"line":395,"column":2}},"loc":{"start":{"line":395,"column":30},"end":{"line":398,"column":2}},"line":395}},"branchMap":{"0":{"loc":{"start":{"line":75,"column":3},"end":{"line":75,"column":77}},"type":"if","locations":[{"start":{"line":75,"column":3},"end":{"line":75,"column":77}},{"start":{},"end":{}}],"line":75},"1":{"loc":{"start":{"line":77,"column":3},"end":{"line":79,"column":4}},"type":"if","locations":[{"start":{"line":77,"column":3},"end":{"line":79,"column":4}},{"start":{},"end":{}}],"line":77},"2":{"loc":{"start":{"line":83,"column":3},"end":{"line":83,"column":83}},"type":"if","locations":[{"start":{"line":83,"column":3},"end":{"line":83,"column":83}},{"start":{},"end":{}}],"line":83},"3":{"loc":{"start":{"line":85,"column":3},"end":{"line":87,"column":4}},"type":"if","locations":[{"start":{"line":85,"column":3},"end":{"line":87,"column":4}},{"start":{},"end":{}}],"line":85},"4":{"loc":{"start":{"line":91,"column":3},"end":{"line":91,"column":82}},"type":"if","locations":[{"start":{"line":91,"column":3},"end":{"line":91,"column":82}},{"start":{},"end":{}}],"line":91},"5":{"loc":{"start":{"line":93,"column":3},"end":{"line":95,"column":4}},"type":"if","locations":[{"start":{"line":93,"column":3},"end":{"line":95,"column":4}},{"start":{},"end":{}}],"line":93},"6":{"loc":{"start":{"line":100,"column":3},"end":{"line":100,"column":23}},"type":"if","locations":[{"start":{"line":100,"column":3},"end":{"line":100,"column":23}},{"start":{},"end":{}}],"line":100},"7":{"loc":{"start":{"line":113,"column":3},"end":{"line":113,"column":34}},"type":"if","locations":[{"start":{"line":113,"column":3},"end":{"line":113,"column":34}},{"start":{},"end":{}}],"line":113},"8":{"loc":{"start":{"line":143,"column":3},"end":{"line":143,"column":32}},"type":"if","locations":[{"start":{"line":143,"column":3},"end":{"line":143,"column":32}},{"start":{},"end":{}}],"line":143},"9":{"loc":{"start":{"line":170,"column":3},"end":{"line":170,"column":32}},"type":"if","locations":[{"start":{"line":170,"column":3},"end":{"line":170,"column":32}},{"start":{},"end":{}}],"line":170},"10":{"loc":{"start":{"line":197,"column":3},"end":{"line":197,"column":32}},"type":"if","locations":[{"start":{"line":197,"column":3},"end":{"line":197,"column":32}},{"start":{},"end":{}}],"line":197},"11":{"loc":{"start":{"line":224,"column":32},"end":{"line":224,"column":62}},"type":"binary-expr","locations":[{"start":{"line":224,"column":32},"end":{"line":224,"column":38}},{"start":{"line":224,"column":42},"end":{"line":224,"column":62}}],"line":224},"12":{"loc":{"start":{"line":237,"column":3},"end":{"line":237,"column":30}},"type":"if","locations":[{"start":{"line":237,"column":3},"end":{"line":237,"column":30}},{"start":{},"end":{}}],"line":237},"13":{"loc":{"start":{"line":261,"column":3},"end":{"line":261,"column":40}},"type":"if","locations":[{"start":{"line":261,"column":3},"end":{"line":261,"column":40}},{"start":{},"end":{}}],"line":261},"14":{"loc":{"start":{"line":265,"column":3},"end":{"line":265,"column":123}},"type":"if","locations":[{"start":{"line":265,"column":3},"end":{"line":265,"column":123}},{"start":{},"end":{}}],"line":265},"15":{"loc":{"start":{"line":265,"column":7},"end":{"line":265,"column":94}},"type":"binary-expr","locations":[{"start":{"line":265,"column":8},"end":{"line":265,"column":16}},{"start":{"line":265,"column":20},"end":{"line":265,"column":38}},{"start":{"line":265,"column":43},"end":{"line":265,"column":94}}],"line":265},"16":{"loc":{"start":{"line":266,"column":3},"end":{"line":266,"column":91}},"type":"if","locations":[{"start":{"line":266,"column":3},"end":{"line":266,"column":91}},{"start":{},"end":{}}],"line":266},"17":{"loc":{"start":{"line":266,"column":7},"end":{"line":266,"column":46}},"type":"binary-expr","locations":[{"start":{"line":266,"column":7},"end":{"line":266,"column":15}},{"start":{"line":266,"column":19},"end":{"line":266,"column":46}}],"line":266},"18":{"loc":{"start":{"line":268,"column":3},"end":{"line":289,"column":4}},"type":"if","locations":[{"start":{"line":268,"column":3},"end":{"line":289,"column":4}},{"start":{"line":281,"column":10},"end":{"line":289,"column":4}}],"line":268},"19":{"loc":{"start":{"line":269,"column":4},"end":{"line":280,"column":5}},"type":"if","locations":[{"start":{"line":269,"column":4},"end":{"line":280,"column":5}},{"start":{"line":275,"column":11},"end":{"line":280,"column":5}}],"line":269},"20":{"loc":{"start":{"line":272,"column":5},"end":{"line":274,"column":6}},"type":"if","locations":[{"start":{"line":272,"column":5},"end":{"line":274,"column":6}},{"start":{},"end":{}}],"line":272},"21":{"loc":{"start":{"line":281,"column":10},"end":{"line":289,"column":4}},"type":"if","locations":[{"start":{"line":281,"column":10},"end":{"line":289,"column":4}},{"start":{},"end":{}}],"line":281},"22":{"loc":{"start":{"line":292,"column":3},"end":{"line":292,"column":23}},"type":"if","locations":[{"start":{"line":292,"column":3},"end":{"line":292,"column":23}},{"start":{},"end":{}}],"line":292},"23":{"loc":{"start":{"line":301,"column":3},"end":{"line":301,"column":35}},"type":"if","locations":[{"start":{"line":301,"column":3},"end":{"line":301,"column":35}},{"start":{},"end":{}}],"line":301},"24":{"loc":{"start":{"line":302,"column":3},"end":{"line":302,"column":30}},"type":"if","locations":[{"start":{"line":302,"column":3},"end":{"line":302,"column":30}},{"start":{},"end":{}}],"line":302},"25":{"loc":{"start":{"line":319,"column":16},"end":{"line":319,"column":26}},"type":"default-arg","locations":[{"start":{"line":319,"column":24},"end":{"line":319,"column":26}}],"line":319},"26":{"loc":{"start":{"line":322,"column":7},"end":{"line":322,"column":25}},"type":"default-arg","locations":[{"start":{"line":322,"column":21},"end":{"line":322,"column":25}}],"line":322},"27":{"loc":{"start":{"line":325,"column":2},"end":{"line":327,"column":3}},"type":"if","locations":[{"start":{"line":325,"column":2},"end":{"line":327,"column":3}},{"start":{},"end":{}}],"line":325},"28":{"loc":{"start":{"line":325,"column":6},"end":{"line":325,"column":92}},"type":"binary-expr","locations":[{"start":{"line":325,"column":6},"end":{"line":325,"column":24}},{"start":{"line":325,"column":28},"end":{"line":325,"column":92}}],"line":325},"29":{"loc":{"start":{"line":325,"column":30},"end":{"line":325,"column":91}},"type":"binary-expr","locations":[{"start":{"line":325,"column":30},"end":{"line":325,"column":47}},{"start":{"line":325,"column":51},"end":{"line":325,"column":91}}],"line":325},"30":{"loc":{"start":{"line":333,"column":2},"end":{"line":333,"column":145}},"type":"if","locations":[{"start":{"line":333,"column":2},"end":{"line":333,"column":145}},{"start":{},"end":{}}],"line":333},"31":{"loc":{"start":{"line":333,"column":6},"end":{"line":333,"column":81}},"type":"binary-expr","locations":[{"start":{"line":333,"column":6},"end":{"line":333,"column":35}},{"start":{"line":333,"column":39},"end":{"line":333,"column":63}},{"start":{"line":333,"column":67},"end":{"line":333,"column":81}}],"line":333},"32":{"loc":{"start":{"line":337,"column":2},"end":{"line":337,"column":62}},"type":"if","locations":[{"start":{"line":337,"column":2},"end":{"line":337,"column":62}},{"start":{},"end":{}}],"line":337},"33":{"loc":{"start":{"line":338,"column":2},"end":{"line":338,"column":83}},"type":"if","locations":[{"start":{"line":338,"column":2},"end":{"line":338,"column":83}},{"start":{},"end":{}}],"line":338},"34":{"loc":{"start":{"line":350,"column":2},"end":{"line":350,"column":62}},"type":"if","locations":[{"start":{"line":350,"column":2},"end":{"line":350,"column":62}},{"start":{},"end":{}}],"line":350},"35":{"loc":{"start":{"line":351,"column":2},"end":{"line":351,"column":83}},"type":"if","locations":[{"start":{"line":351,"column":2},"end":{"line":351,"column":83}},{"start":{},"end":{}}],"line":351},"36":{"loc":{"start":{"line":352,"column":2},"end":{"line":352,"column":89}},"type":"if","locations":[{"start":{"line":352,"column":2},"end":{"line":352,"column":89}},{"start":{},"end":{}}],"line":352},"37":{"loc":{"start":{"line":355,"column":1},"end":{"line":357,"column":2}},"type":"if","locations":[{"start":{"line":355,"column":1},"end":{"line":357,"column":2}},{"start":{},"end":{}}],"line":355},"38":{"loc":{"start":{"line":355,"column":5},"end":{"line":355,"column":37}},"type":"binary-expr","locations":[{"start":{"line":355,"column":5},"end":{"line":355,"column":12}},{"start":{"line":355,"column":16},"end":{"line":355,"column":37}}],"line":355},"39":{"loc":{"start":{"line":360,"column":2},"end":{"line":363,"column":3}},"type":"if","locations":[{"start":{"line":360,"column":2},"end":{"line":363,"column":3}},{"start":{},"end":{}}],"line":360}},"s":{"0":1,"1":1,"2":1,"3":1,"4":0,"5":0,"6":0,"7":0,"8":0,"9":0,"10":0,"11":0,"12":0,"13":0,"14":0,"15":0,"16":0,"17":0,"18":0,"19":0,"20":0,"21":0,"22":0,"23":0,"24":0,"25":0,"26":0,"27":0,"28":0,"29":0,"30":0,"31":0,"32":0,"33":0,"34":0,"35":0,"36":0,"37":0,"38":0,"39":0,"40":0,"41":0,"42":0,"43":0,"44":0,"45":0,"46":0,"47":0,"48":0,"49":0,"50":0,"51":0,"52":0,"53":0,"54":0,"55":0,"56":0,"57":0,"58":0,"59":0,"60":0,"61":0,"62":0,"63":0,"64":0,"65":0,"66":0,"67":0,"68":0,"69":0,"70":0,"71":0,"72":0,"73":0,"74":0,"75":0,"76":0,"77":0,"78":0,"79":0,"80":0,"81":0,"82":0,"83":0,"84":0,"85":0,"86":0,"87":0,"88":0,"89":0,"90":0,"91":0,"92":0,"93":0,"94":0,"95":0,"96":0,"97":0,"98":0,"99":0,"100":0,"101":0,"102":0,"103":0,"104":0,"105":0,"106":0,"107":0,"108":0,"109":0,"110":0,"111":0,"112":0,"113":0,"114":0,"115":0,"116":0,"117":0,"118":0,"119":0,"120":0,"121":0,"122":0,"123":0,"124":0,"125":0,"126":0,"127":0,"128":0,"129":0,"130":0,"131":0,"132":0,"133":0,"134":0,"135":0,"136":0,"137":0,"138":0,"139":0,"140":0,"141":0,"142":0,"143":0,"144":0,"145":0,"146":0,"147":0,"148":0,"149":0,"150":0,"151":0,"152":0,"153":0,"154":0,"155":0,"156":0,"157":0,"158":0,"159":0,"160":0,"161":0,"162":0,"163":0,"164":0,"165":0,"166":0,"167":0,"168":0,"169":0,"170":0,"171":0,"172":0,"173":0,"174":0,"175":0,"176":0,"177":0,"178":0,"179":0,"180":0,"181":0,"182":0,"183":0,"184":0,"185":0,"186":0,"187":1,"188":1},"f":{"0":0,"1":0,"2":0,"3":0,"4":0,"5":0,"6":0,"7":0,"8":0,"9":0,"10":0,"11":0,"12":0,"13":0,"14":0,"15":0,"16":0,"17":0,"18":0,"19":0,"20":0,"21":0,"22":0,"23":0,"24":0,"25":0,"26":0,"27":0,"28":0,"29":0,"30":0,"31":0,"32":0,"33":0,"34":0,"35":0,"36":0,"37":0,"38":0,"39":0,"40":0},"b":{"0":[0,0],"1":[0,0],"2":[0,0],"3":[0,0],"4":[0,0],"5":[0,0],"6":[0,0],"7":[0,0],"8":[0,0],"9":[0,0],"10":[0,0],"11":[0,0],"12":[0,0],"13":[0,0],"14":[0,0],"15":[0,0,0],"16":[0,0],"17":[0,0],"18":[0,0],"19":[0,0],"20":[0,0],"21":[0,0],"22":[0,0],"23":[0,0],"24":[0,0],"25":[0],"26":[0],"27":[0,0],"28":[0,0],"29":[0,0],"30":[0,0],"31":[0,0,0],"32":[0,0],"33":[0,0],"34":[0,0],"35":[0,0],"36":[0,0],"37":[0,0],"38":[0,0],"39":[0,0]},"inputSourceMap":{"0":"{","1":"\"","2":"v","3":"e","4":"r","5":"s","6":"i","7":"o","8":"n","9":"\"","10":":","11":"3","12":",","13":"\"","14":"n","15":"a","16":"m","17":"e","18":"s","19":"\"","20":":","21":"[","22":"]","23":",","24":"\"","25":"s","26":"o","27":"u","28":"r","29":"c","30":"e","31":"s","32":"\"","33":":","34":"[","35":"\"","36":"D","37":"e","38":"c","39":"k","40":".","41":"s","42":"v","43":"e","44":"l","45":"t","46":"e","47":"\"","48":"]","49":",","50":"\"","51":"s","52":"o","53":"u","54":"r","55":"c","56":"e","57":"s","58":"C","59":"o","60":"n","61":"t","62":"e","63":"n","64":"t","65":"\"","66":":","67":"[","68":"\"","69":"<","70":"s","71":"c","72":"r","73":"i","74":"p","75":"t","76":">","77":"\\","78":"n","79":" ","80":" ","81":" ","82":" ","83":"i","84":"m","85":"p","86":"o","87":"r","88":"t","89":" ","90":"{","91":" ","92":"L","93":"i","94":"n","95":"k","96":" ","97":"}","98":" ","99":"f","100":"r","101":"o","102":"m","103":" ","104":"'","105":"s","106":"v","107":"e","108":"l","109":"t","110":"e","111":"-","112":"r","113":"o","114":"u","115":"t","116":"i","117":"n","118":"g","119":"'","120":";","121":"\\","122":"n","123":" ","124":" ","125":" ","126":" ","127":"i","128":"m","129":"p","130":"o","131":"r","132":"t","133":" ","134":"{","135":" ","136":"f","137":"o","138":"r","139":"m","140":"a","141":"t","142":"D","143":"a","144":"t","145":"e","146":" ","147":"}","148":" ","149":"f","150":"r","151":"o","152":"m","153":" ","154":"'","155":".","156":".","157":"/","158":"l","159":"i","160":"b","161":"/","162":"u","163":"t","164":"i","165":"l","166":"s","167":".","168":"j","169":"s","170":"'","171":";","172":"\\","173":"n","174":" ","175":" ","176":" ","177":" ","178":"\\","179":"n","180":" ","181":" ","182":" ","183":" ","184":"e","185":"x","186":"p","187":"o","188":"r","189":"t","190":" ","191":"l","192":"e","193":"t","194":" ","195":"d","196":"e","197":"c","198":"k","199":";","200":"\\","201":"n","202":" ","203":" ","204":" ","205":" ","206":"e","207":"x","208":"p","209":"o","210":"r","211":"t","212":" ","213":"l","214":"e","215":"t","216":" ","217":"s","218":"h","219":"o","220":"w","221":"A","222":"c","223":"t","224":"i","225":"o","226":"n","227":"s","228":" ","229":"=","230":" ","231":"t","232":"r","233":"u","234":"e","235":";","236":"\\","237":"n","238":" ","239":" ","240":" ","241":" ","242":"\\","243":"n","244":" ","245":" ","246":" ","247":" ","248":"/","249":"/","250":" ","251":"F","252":"o","253":"r","254":"m","255":"a","256":"t","257":" ","258":"t","259":"h","260":"e","261":" ","262":"c","263":"r","264":"e","265":"a","266":"t","267":"e","268":"d","269":"_","270":"a","271":"t","272":" ","273":"d","274":"a","275":"t","276":"e","277":"\\","278":"n","279":" ","280":" ","281":" ","282":" ","283":"$","284":":","285":" ","286":"f","287":"o","288":"r","289":"m","290":"a","291":"t","292":"t","293":"e","294":"d","295":"D","296":"a","297":"t","298":"e","299":" ","300":"=","301":" ","302":"f","303":"o","304":"r","305":"m","306":"a","307":"t","308":"D","309":"a","310":"t","311":"e","312":"(","313":"d","314":"e","315":"c","316":"k","317":".","318":"c","319":"r","320":"e","321":"a","322":"t","323":"e","324":"d","325":"_","326":"a","327":"t","328":")","329":";","330":"\\","331":"n","332":"<","333":"/","334":"s","335":"c","336":"r","337":"i","338":"p","339":"t","340":">","341":"\\","342":"n","343":"\\","344":"n","345":"<","346":"d","347":"i","348":"v","349":" ","350":"c","351":"l","352":"a","353":"s","354":"s","355":"=","356":"\\","357":"\"","358":"d","359":"e","360":"c","361":"k","362":"-","363":"c","364":"a","365":"r","366":"d","367":"\\","368":"\"","369":" ","370":"d","371":"a","372":"t","373":"a","374":"-","375":"t","376":"e","377":"s","378":"t","379":"i","380":"d","381":"=","382":"\\","383":"\"","384":"d","385":"e","386":"c","387":"k","388":"-","389":"c","390":"a","391":"r","392":"d","393":"\\","394":"\"","395":">","396":"\\","397":"n","398":" ","399":" ","400":" ","401":" ","402":"<","403":"d","404":"i","405":"v","406":" ","407":"c","408":"l","409":"a","410":"s","411":"s","412":"=","413":"\\","414":"\"","415":"d","416":"e","417":"c","418":"k","419":"-","420":"i","421":"n","422":"f","423":"o","424":"\\","425":"\"","426":">","427":"\\","428":"n","429":" ","430":" ","431":" ","432":" ","433":" ","434":" ","435":" ","436":" ","437":"<","438":"h","439":"3","440":" ","441":"c","442":"l","443":"a","444":"s","445":"s","446":"=","447":"\\","448":"\"","449":"d","450":"e","451":"c","452":"k","453":"-","454":"n","455":"a","456":"m","457":"e","458":"\\","459":"\"","460":">","461":"{","462":"d","463":"e","464":"c","465":"k","466":".","467":"n","468":"a","469":"m","470":"e","471":"}","472":"<","473":"/","474":"h","475":"3","476":">","477":"\\","478":"n","479":" ","480":" ","481":" ","482":" ","483":" ","484":" ","485":" ","486":" ","487":"<","488":"p","489":" ","490":"c","491":"l","492":"a","493":"s","494":"s","495":"=","496":"\\","497":"\"","498":"d","499":"e","500":"c","501":"k","502":"-","503":"d","504":"a","505":"t","506":"e","507":"\\","508":"\"","509":">","510":"C","511":"r","512":"e","513":"a","514":"t","515":"e","516":"d","517":":","518":" ","519":"{","520":"f","521":"o","522":"r","523":"m","524":"a","525":"t","526":"t","527":"e","528":"d","529":"D","530":"a","531":"t","532":"e","533":"}","534":"<","535":"/","536":"p","537":">","538":"\\","539":"n","540":" ","541":" ","542":" ","543":" ","544":"<","545":"/","546":"d","547":"i","548":"v","549":">","550":"\\","551":"n","552":" ","553":" ","554":" ","555":" ","556":"\\","557":"n","558":" ","559":" ","560":" ","561":" ","562":"{","563":"#","564":"i","565":"f","566":" ","567":"s","568":"h","569":"o","570":"w","571":"A","572":"c","573":"t","574":"i","575":"o","576":"n","577":"s","578":"}","579":"\\","580":"n","581":" ","582":" ","583":" ","584":" ","585":" ","586":" ","587":" ","588":" ","589":"<","590":"d","591":"i","592":"v","593":" ","594":"c","595":"l","596":"a","597":"s","598":"s","599":"=","600":"\\","601":"\"","602":"d","603":"e","604":"c","605":"k","606":"-","607":"a","608":"c","609":"t","610":"i","611":"o","612":"n","613":"s","614":"\\","615":"\"","616":">","617":"\\","618":"n","619":" ","620":" ","621":" ","622":" ","623":" ","624":" ","625":" ","626":" ","627":" ","628":" ","629":" ","630":" ","631":"<","632":"L","633":"i","634":"n","635":"k","636":" ","637":"t","638":"o","639":"=","640":"{","641":"`","642":"/","643":"d","644":"e","645":"c","646":"k","647":"s","648":"/","649":"$","650":"{","651":"d","652":"e","653":"c","654":"k","655":".","656":"i","657":"d","658":"}","659":"`","660":"}","661":" ","662":"c","663":"l","664":"a","665":"s","666":"s","667":"=","668":"\\","669":"\"","670":"v","671":"i","672":"e","673":"w","674":"-","675":"b","676":"t","677":"n","678":"\\","679":"\"","680":">","681":"V","682":"i","683":"e","684":"w","685":"<","686":"/","687":"L","688":"i","689":"n","690":"k","691":">","692":"\\","693":"n","694":" ","695":" ","696":" ","697":" ","698":" ","699":" ","700":" ","701":" ","702":" ","703":" ","704":" ","705":" ","706":"<","707":"L","708":"i","709":"n","710":"k","711":" ","712":"t","713":"o","714":"=","715":"{","716":"`","717":"/","718":"d","719":"e","720":"c","721":"k","722":"s","723":"/","724":"$","725":"{","726":"d","727":"e","728":"c","729":"k","730":".","731":"i","732":"d","733":"}","734":"/","735":"s","736":"t","737":"u","738":"d","739":"y","740":"`","741":"}","742":" ","743":"c","744":"l","745":"a","746":"s","747":"s","748":"=","749":"\\","750":"\"","751":"s","752":"t","753":"u","754":"d","755":"y","756":"-","757":"b","758":"t","759":"n","760":"\\","761":"\"","762":">","763":"S","764":"t","765":"u","766":"d","767":"y","768":"<","769":"/","770":"L","771":"i","772":"n","773":"k","774":">","775":"\\","776":"n","777":" ","778":" ","779":" ","780":" ","781":" ","782":" ","783":" ","784":" ","785":" ","786":" ","787":" ","788":" ","789":"<","790":"L","791":"i","792":"n","793":"k","794":" ","795":"t","796":"o","797":"=","798":"{","799":"`","800":"/","801":"d","802":"e","803":"c","804":"k","805":"s","806":"/","807":"$","808":"{","809":"d","810":"e","811":"c","812":"k","813":".","814":"i","815":"d","816":"}","817":"/","818":"e","819":"d","820":"i","821":"t","822":"`","823":"}","824":" ","825":"c","826":"l","827":"a","828":"s","829":"s","830":"=","831":"\\","832":"\"","833":"e","834":"d","835":"i","836":"t","837":"-","838":"b","839":"t","840":"n","841":"\\","842":"\"","843":">","844":"E","845":"d","846":"i","847":"t","848":"<","849":"/","850":"L","851":"i","852":"n","853":"k","854":">","855":"\\","856":"n","857":" ","858":" ","859":" ","860":" ","861":" ","862":" ","863":" ","864":" ","865":"<","866":"/","867":"d","868":"i","869":"v","870":">","871":"\\","872":"n","873":" ","874":" ","875":" ","876":" ","877":"{","878":"/","879":"i","880":"f","881":"}","882":"\\","883":"n","884":"<","885":"/","886":"d","887":"i","888":"v","889":">","890":"\\","891":"n","892":"\\","893":"n","894":"<","895":"s","896":"t","897":"y","898":"l","899":"e","900":">","901":"\\","902":"n","903":" ","904":" ","905":" ","906":" ","907":".","908":"d","909":"e","910":"c","911":"k","912":"-","913":"c","914":"a","915":"r","916":"d","917":" ","918":"{","919":"\\","920":"n","921":" ","922":" ","923":" ","924":" ","925":" ","926":" ","927":" ","928":" ","929":"b","930":"o","931":"r","932":"d","933":"e","934":"r","935":":","936":" ","937":"1","938":"p","939":"x","940":" ","941":"s","942":"o","943":"l","944":"i","945":"d","946":" ","947":"#","948":"d","949":"d","950":"d","951":";","952":"\\","953":"n","954":" ","955":" ","956":" ","957":" ","958":" ","959":" ","960":" ","961":" ","962":"b","963":"o","964":"r","965":"d","966":"e","967":"r","968":"-","969":"r","970":"a","971":"d","972":"i","973":"u","974":"s","975":":","976":" ","977":"8","978":"p","979":"x","980":";","981":"\\","982":"n","983":" ","984":" ","985":" ","986":" ","987":" ","988":" ","989":" ","990":" ","991":"p","992":"a","993":"d","994":"d","995":"i","996":"n","997":"g","998":":","999":" ","1000":"1","1001":"5","1002":"p","1003":"x","1004":";","1005":"\\","1006":"n","1007":" ","1008":" ","1009":" ","1010":" ","1011":" ","1012":" ","1013":" ","1014":" ","1015":"m","1016":"a","1017":"r","1018":"g","1019":"i","1020":"n","1021":"-","1022":"b","1023":"o","1024":"t","1025":"t","1026":"o","1027":"m","1028":":","1029":" ","1030":"1","1031":"5","1032":"p","1033":"x","1034":";","1035":"\\","1036":"n","1037":" ","1038":" ","1039":" ","1040":" ","1041":" ","1042":" ","1043":" ","1044":" ","1045":"d","1046":"i","1047":"s","1048":"p","1049":"l","1050":"a","1051":"y","1052":":","1053":" ","1054":"f","1055":"l","1056":"e","1057":"x","1058":";","1059":"\\","1060":"n","1061":" ","1062":" ","1063":" ","1064":" ","1065":" ","1066":" ","1067":" ","1068":" ","1069":"j","1070":"u","1071":"s","1072":"t","1073":"i","1074":"f","1075":"y","1076":"-","1077":"c","1078":"o","1079":"n","1080":"t","1081":"e","1082":"n","1083":"t","1084":":","1085":" ","1086":"s","1087":"p","1088":"a","1089":"c","1090":"e","1091":"-","1092":"b","1093":"e","1094":"t","1095":"w","1096":"e","1097":"e","1098":"n","1099":";","1100":"\\","1101":"n","1102":" ","1103":" ","1104":" ","1105":" ","1106":" ","1107":" ","1108":" ","1109":" ","1110":"a","1111":"l","1112":"i","1113":"g","1114":"n","1115":"-","1116":"i","1117":"t","1118":"e","1119":"m","1120":"s","1121":":","1122":" ","1123":"c","1124":"e","1125":"n","1126":"t","1127":"e","1128":"r","1129":";","1130":"\\","1131":"n","1132":" ","1133":" ","1134":" ","1135":" ","1136":" ","1137":" ","1138":" ","1139":" ","1140":"b","1141":"a","1142":"c","1143":"k","1144":"g","1145":"r","1146":"o","1147":"u","1148":"n","1149":"d","1150":"-","1151":"c","1152":"o","1153":"l","1154":"o","1155":"r","1156":":","1157":" ","1158":"#","1159":"f","1160":"f","1161":"f","1162":";","1163":"\\","1164":"n","1165":" ","1166":" ","1167":" ","1168":" ","1169":" ","1170":" ","1171":" ","1172":" ","1173":"b","1174":"o","1175":"x","1176":"-","1177":"s","1178":"h","1179":"a","1180":"d","1181":"o","1182":"w","1183":":","1184":" ","1185":"0","1186":" ","1187":"2","1188":"p","1189":"x","1190":" ","1191":"4","1192":"p","1193":"x","1194":" ","1195":"r","1196":"g","1197":"b","1198":"a","1199":"(","1200":"0","1201":",","1202":" ","1203":"0","1204":",","1205":" ","1206":"0","1207":",","1208":" ","1209":"0","1210":".","1211":"1","1212":")","1213":";","1214":"\\","1215":"n","1216":" ","1217":" ","1218":" ","1219":" ","1220":"}","1221":"\\","1222":"n","1223":" ","1224":" ","1225":" ","1226":" ","1227":"\\","1228":"n","1229":" ","1230":" ","1231":" ","1232":" ","1233":".","1234":"d","1235":"e","1236":"c","1237":"k","1238":"-","1239":"n","1240":"a","1241":"m","1242":"e","1243":" ","1244":"{","1245":"\\","1246":"n","1247":" ","1248":" ","1249":" ","1250":" ","1251":" ","1252":" ","1253":" ","1254":" ","1255":"m","1256":"a","1257":"r","1258":"g","1259":"i","1260":"n","1261":":","1262":" ","1263":"0","1264":" ","1265":"0","1266":" ","1267":"5","1268":"p","1269":"x","1270":" ","1271":"0","1272":";","1273":"\\","1274":"n","1275":" ","1276":" ","1277":" ","1278":" ","1279":" ","1280":" ","1281":" ","1282":" ","1283":"f","1284":"o","1285":"n","1286":"t","1287":"-","1288":"s","1289":"i","1290":"z","1291":"e","1292":":","1293":" ","1294":"1","1295":"8","1296":"p","1297":"x","1298":";","1299":"\\","1300":"n","1301":" ","1302":" ","1303":" ","1304":" ","1305":"}","1306":"\\","1307":"n","1308":" ","1309":" ","1310":" ","1311":" ","1312":"\\","1313":"n","1314":" ","1315":" ","1316":" ","1317":" ","1318":".","1319":"d","1320":"e","1321":"c","1322":"k","1323":"-","1324":"d","1325":"a","1326":"t","1327":"e","1328":" ","1329":"{","1330":"\\","1331":"n","1332":" ","1333":" ","1334":" ","1335":" ","1336":" ","1337":" ","1338":" ","1339":" ","1340":"m","1341":"a","1342":"r","1343":"g","1344":"i","1345":"n","1346":":","1347":" ","1348":"0","1349":";","1350":"\\","1351":"n","1352":" ","1353":" ","1354":" ","1355":" ","1356":" ","1357":" ","1358":" ","1359":" ","1360":"c","1361":"o","1362":"l","1363":"o","1364":"r","1365":":","1366":" ","1367":"#","1368":"6","1369":"6","1370":"6","1371":";","1372":"\\","1373":"n","1374":" ","1375":" ","1376":" ","1377":" ","1378":" ","1379":" ","1380":" ","1381":" ","1382":"f","1383":"o","1384":"n","1385":"t","1386":"-","1387":"s","1388":"i","1389":"z","1390":"e","1391":":","1392":" ","1393":"1","1394":"4","1395":"p","1396":"x","1397":";","1398":"\\","1399":"n","1400":" ","1401":" ","1402":" ","1403":" ","1404":"}","1405":"\\","1406":"n","1407":" ","1408":" ","1409":" ","1410":" ","1411":"\\","1412":"n","1413":" ","1414":" ","1415":" ","1416":" ","1417":".","1418":"d","1419":"e","1420":"c","1421":"k","1422":"-","1423":"a","1424":"c","1425":"t","1426":"i","1427":"o","1428":"n","1429":"s","1430":" ","1431":"{","1432":"\\","1433":"n","1434":" ","1435":" ","1436":" ","1437":" ","1438":" ","1439":" ","1440":" ","1441":" ","1442":"d","1443":"i","1444":"s","1445":"p","1446":"l","1447":"a","1448":"y","1449":":","1450":" ","1451":"f","1452":"l","1453":"e","1454":"x","1455":";","1456":"\\","1457":"n","1458":" ","1459":" ","1460":" ","1461":" ","1462":" ","1463":" ","1464":" ","1465":" ","1466":"g","1467":"a","1468":"p","1469":":","1470":" ","1471":"1","1472":"0","1473":"p","1474":"x","1475":";","1476":"\\","1477":"n","1478":" ","1479":" ","1480":" ","1481":" ","1482":"}","1483":"\\","1484":"n","1485":" ","1486":" ","1487":" ","1488":" ","1489":"\\","1490":"n","1491":" ","1492":" ","1493":" ","1494":" ","1495":".","1496":"v","1497":"i","1498":"e","1499":"w","1500":"-","1501":"b","1502":"t","1503":"n","1504":",","1505":" ","1506":".","1507":"s","1508":"t","1509":"u","1510":"d","1511":"y","1512":"-","1513":"b","1514":"t","1515":"n","1516":",","1517":" ","1518":".","1519":"e","1520":"d","1521":"i","1522":"t","1523":"-","1524":"b","1525":"t","1526":"n","1527":" ","1528":"{","1529":"\\","1530":"n","1531":" ","1532":" ","1533":" ","1534":" ","1535":" ","1536":" ","1537":" ","1538":" ","1539":"p","1540":"a","1541":"d","1542":"d","1543":"i","1544":"n","1545":"g","1546":":","1547":" ","1548":"5","1549":"p","1550":"x","1551":" ","1552":"1","1553":"0","1554":"p","1555":"x","1556":";","1557":"\\","1558":"n","1559":" ","1560":" ","1561":" ","1562":" ","1563":" ","1564":" ","1565":" ","1566":" ","1567":"b","1568":"o","1569":"r","1570":"d","1571":"e","1572":"r","1573":"-","1574":"r","1575":"a","1576":"d","1577":"i","1578":"u","1579":"s","1580":":","1581":" ","1582":"4","1583":"p","1584":"x","1585":";","1586":"\\","1587":"n","1588":" ","1589":" ","1590":" ","1591":" ","1592":" ","1593":" ","1594":" ","1595":" ","1596":"t","1597":"e","1598":"x","1599":"t","1600":"-","1601":"d","1602":"e","1603":"c","1604":"o","1605":"r","1606":"a","1607":"t","1608":"i","1609":"o","1610":"n","1611":":","1612":" ","1613":"n","1614":"o","1615":"n","1616":"e","1617":";","1618":"\\","1619":"n","1620":" ","1621":" ","1622":" ","1623":" ","1624":" ","1625":" ","1626":" ","1627":" ","1628":"f","1629":"o","1630":"n","1631":"t","1632":"-","1633":"s","1634":"i","1635":"z","1636":"e","1637":":","1638":" ","1639":"1","1640":"4","1641":"p","1642":"x","1643":";","1644":"\\","1645":"n","1646":" ","1647":" ","1648":" ","1649":" ","1650":"}","1651":"\\","1652":"n","1653":" ","1654":" ","1655":" ","1656":" ","1657":"\\","1658":"n","1659":" ","1660":" ","1661":" ","1662":" ","1663":".","1664":"v","1665":"i","1666":"e","1667":"w","1668":"-","1669":"b","1670":"t","1671":"n","1672":" ","1673":"{","1674":"\\","1675":"n","1676":" ","1677":" ","1678":" ","1679":" ","1680":" ","1681":" ","1682":" ","1683":" ","1684":"b","1685":"a","1686":"c","1687":"k","1688":"g","1689":"r","1690":"o","1691":"u","1692":"n","1693":"d","1694":"-","1695":"c","1696":"o","1697":"l","1698":"o","1699":"r","1700":":","1701":" ","1702":"#","1703":"2","1704":"1","1705":"9","1706":"6","1707":"f","1708":"3","1709":";","1710":"\\","1711":"n","1712":" ","1713":" ","1714":" ","1715":" ","1716":" ","1717":" ","1718":" ","1719":" ","1720":"c","1721":"o","1722":"l","1723":"o","1724":"r","1725":":","1726":" ","1727":"w","1728":"h","1729":"i","1730":"t","1731":"e","1732":";","1733":"\\","1734":"n","1735":" ","1736":" ","1737":" ","1738":" ","1739":"}","1740":"\\","1741":"n","1742":" ","1743":" ","1744":" ","1745":" ","1746":"\\","1747":"n","1748":" ","1749":" ","1750":" ","1751":" ","1752":".","1753":"s","1754":"t","1755":"u","1756":"d","1757":"y","1758":"-","1759":"b","1760":"t","1761":"n","1762":" ","1763":"{","1764":"\\","1765":"n","1766":" ","1767":" ","1768":" ","1769":" ","1770":" ","1771":" ","1772":" ","1773":" ","1774":"b","1775":"a","1776":"c","1777":"k","1778":"g","1779":"r","1780":"o","1781":"u","1782":"n","1783":"d","1784":"-","1785":"c","1786":"o","1787":"l","1788":"o","1789":"r","1790":":","1791":" ","1792":"#","1793":"4","1794":"c","1795":"a","1796":"f","1797":"5","1798":"0","1799":";","1800":"\\","1801":"n","1802":" ","1803":" ","1804":" ","1805":" ","1806":" ","1807":" ","1808":" ","1809":" ","1810":"c","1811":"o","1812":"l","1813":"o","1814":"r","1815":":","1816":" ","1817":"w","1818":"h","1819":"i","1820":"t","1821":"e","1822":";","1823":"\\","1824":"n","1825":" ","1826":" ","1827":" ","1828":" ","1829":"}","1830":"\\","1831":"n","1832":" ","1833":" ","1834":" ","1835":" ","1836":"\\","1837":"n","1838":" ","1839":" ","1840":" ","1841":" ","1842":".","1843":"e","1844":"d","1845":"i","1846":"t","1847":"-","1848":"b","1849":"t","1850":"n","1851":" ","1852":"{","1853":"\\","1854":"n","1855":" ","1856":" ","1857":" ","1858":" ","1859":" ","1860":" ","1861":" ","1862":" ","1863":"b","1864":"a","1865":"c","1866":"k","1867":"g","1868":"r","1869":"o","1870":"u","1871":"n","1872":"d","1873":"-","1874":"c","1875":"o","1876":"l","1877":"o","1878":"r","1879":":","1880":" ","1881":"#","1882":"f","1883":"f","1884":"9","1885":"8","1886":"0","1887":"0","1888":";","1889":"\\","1890":"n","1891":" ","1892":" ","1893":" ","1894":" ","1895":" ","1896":" ","1897":" ","1898":" ","1899":"c","1900":"o","1901":"l","1902":"o","1903":"r","1904":":","1905":" ","1906":"w","1907":"h","1908":"i","1909":"t","1910":"e","1911":";","1912":"\\","1913":"n","1914":" ","1915":" ","1916":" ","1917":" ","1918":"}","1919":"\\","1920":"n","1921":"<","1922":"/","1923":"s","1924":"t","1925":"y","1926":"l","1927":"e","1928":">","1929":"\\","1930":"n","1931":"\"","1932":"]","1933":",","1934":"\"","1935":"m","1936":"a","1937":"p","1938":"p","1939":"i","1940":"n","1941":"g","1942":"s","1943":"\"","1944":":","1945":"\"","1946":";","1947":";","1948":";","1949":";","1950":"Q","1951":"A","1952":"C","1953":"a","1954":",","1955":"I","1956":"A","1957":"A","1958":"I","1959":";","1960":"Q","1961":"A","1962":"C","1963":"J","1964":",","1965":"U","1966":"A","1967":"A","1968":"U","1969":";","1970":";","1971":";","1972":";","1973":";","1974":";","1975":";","1976":";","1977":";","1978":";","1979":";","1980":";","1981":";","1982":";","1983":";","1984":";","1985":";","1986":";","1987":";","1988":"2","1989":"B","1990":"A","1991":"i","1992":"B","1993":"S","1994":",","1995":"G","1996":"A","1997":"A","1998":"I","1999":",","2000":"I","2001":"A","2002":"A","2003":"C","2004":",","2005":"E","2006":"A","2007":"A","2008":"E","2009":";","2010":";","2011":";","2012":";","2013":";","2014":";","2015":";","2016":";","2017":";","2018":";","2019":"2","2020":"B","2021":"A","2022":"C","2023":"P","2024":",","2025":"G","2026":"A","2027":"A","2028":"I","2029":",","2030":"I","2031":"A","2032":"A","2033":"C","2034":",","2035":"E","2036":"A","2037":"A","2038":"E","2039":";","2040":";","2041":";","2042":";","2043":";","2044":";","2045":";","2046":";","2047":";","2048":";","2049":"2","2050":"B","2051":"A","2052":"C","2053":"P","2054":",","2055":"G","2056":"A","2057":"A","2058":"I","2059":",","2060":"I","2061":"A","2062":"A","2063":"C","2064":",","2065":"E","2066":"A","2067":"A","2068":"E","2069":";","2070":";","2071":";","2072":";","2073":";","2074":";","2075":";","2076":";","2077":";","2078":";","2079":";","2080":";","2081":";","2082":";","2083":";","2084":";","2085":";","2086":";","2087":";","2088":";","2089":"G","2090":"A","2091":"H","2092":"/","2093":"B","2094":",","2095":"U","2096":"A","2097":"I","2098":"M","2099":";","2100":";","2101":";","2102":";","2103":";","2104":";","2105":";","2106":";","2107":";","2108":";","2109":"i","2110":"E","2111":"A","2112":"H","2113":"k","2114":"B","2115":",","2116":"G","2117":"A","2118":"A","2119":"I","2120":",","2121":"I","2122":"A","2123":"A","2124":"C","2125":",","2126":"E","2127":"A","2128":"A","2129":"E","2130":";","2131":";","2132":";","2133":";","2134":";","2135":";","2136":";","2137":";","2138":"i","2139":"E","2140":"A","2141":"C","2142":"P","2143":",","2144":"G","2145":"A","2146":"A","2147":"I","2148":",","2149":"I","2150":"A","2151":"A","2152":"C","2153":",","2154":"E","2155":"A","2156":"A","2157":"E","2158":";","2159":";","2160":";","2161":";","2162":";","2163":";","2164":";","2165":";","2166":"i","2167":"E","2168":"A","2169":"C","2170":"P","2171":",","2172":"G","2173":"A","2174":"A","2175":"I","2176":",","2177":"I","2178":"A","2179":"A","2180":"C","2181":",","2182":"E","2183":"A","2184":"A","2185":"E","2186":";","2187":";","2188":";","2189":";","2190":";","2191":";","2192":";","2193":";","2194":";","2195":";","2196":";","2197":";","2198":";","2199":";","2200":";","2201":";","2202":";","2203":";","2204":";","2205":";","2206":";","2207":";","2208":";","2209":";","2210":";","2211":";","2212":";","2213":";","2214":";","2215":";","2216":";","2217":";","2218":";","2219":";","2220":";","2221":";","2222":";","2223":";","2224":";","2225":";","2226":";","2227":";","2228":";","2229":";","2230":";","2231":";","2232":"Y","2233":"A","2234":"F","2235":"q","2236":"B","2237":",","2238":"M","2239":"A","2240":"A","2241":"I","2242":";","2243":";","2244":";","2245":";","2246":";","2247":";","2248":";","2249":";","2250":";","2251":";","2252":";","2253":";","2254":";","2255":";","2256":";","2257":";","2258":";","2259":";","2260":";","2261":";","2262":";","2263":";","2264":";","2265":";","2266":";","2267":";","2268":";","2269":"Y","2270":"A","2271":"C","2272":"G","2273":",","2274":"O","2275":"A","2276":"A","2277":"K","2278":";","2279":";","2280":";","2281":";","2282":";","2283":";","2284":";","2285":";","2286":";","2287":";","2288":";","2289":";","2290":";","2291":";","2292":";","2293":";","2294":";","2295":";","2296":";","2297":";","2298":";","2299":";","2300":";","2301":";","2302":";","2303":";","2304":";","2305":"Y","2306":"A","2307":"C","2308":"P","2309":",","2310":"M","2311":"A","2312":"A","2313":"I","2314":";","2315":";","2316":";","2317":";","2318":";","2319":";","2320":";","2321":";","2322":";","2323":";","2324":";","2325":";","2326":";","2327":";","2328":";","2329":";","2330":";","2331":";","2332":";","2333":";","2334":";","2335":";","2336":";","2337":";","2338":";","2339":"y","2340":"B","2341":"A","2342":"R","2343":"t","2344":"C","2345":",","2346":"G","2347":"A","2348":"A","2349":"I","2350":",","2351":"I","2352":"A","2353":"A","2354":"C","2355":",","2356":"I","2357":"A","2358":"A","2359":"I","2360":";","2361":";","2362":";","2363":";","2364":";","2365":";","2366":";","2367":";","2368":"g","2369":"C","2370":"A","2371":"I","2372":"/","2373":"B","2374":",","2375":"G","2376":"A","2377":"A","2378":"W","2379":";","2380":";","2381":";","2382":";","2383":";","2384":";","2385":";","2386":";","2387":";","2388":";","2389":"a","2390":"A","2391":"H","2392":"S","2393":",","2394":"W","2395":"A","2396":"A","2397":"S","2398":";","2399":"+","2400":"B","2401":"A","2402":"A","2403":"C","2404":",","2405":"G","2406":"A","2407":"A","2408":"a","2409":";","2410":";","2411":";","2412":";","2413":";","2414":";","2415":";","2416":";","2417":";","2418":";","2419":";","2420":";","2421":";","2422":";","2423":";","2424":";","2425":";","2426":"G","2427":"A","2428":"H","2429":"p","2430":"D","2431":",","2432":"U","2433":"A","2434":"a","2435":"M","2436":";","2437":"G","2438":"A","2439":"Z","2440":"F","2441":",","2442":"U","2443":"A","2444":"G","2445":"M","2446":";","2447":"G","2448":"A","2449":"F","2450":"F","2451":",","2452":"U","2453":"A","2454":"A","2455":"s","2456":"C","2457":";","2458":";","2459":";","2460":"G","2461":"A","2462":"C","2463":"t","2464":"C","2465":",","2466":"U","2467":"A","2468":"A","2469":"i","2470":"D","2471":";","2472":";","2473":";","2474":";","2475":";","2476":";","2477":";","2478":";","2479":"6","2480":"E","2481":"A","2482":"D","2483":"1","2484":"B","2485":",","2486":"G","2487":"A","2488":"A","2489":"I","2490":",","2491":"I","2492":"A","2493":"A","2494":"C","2495":",","2496":"I","2497":"A","2498":"A","2499":"I","2500":";","2501":"m","2502":"F","2503":"A","2504":"C","2505":"D","2506":",","2507":"G","2508":"A","2509":"A","2510":"a","2511":";","2512":";","2513":"u","2514":"B","2515":"A","2516":"G","2517":"3","2518":"C","2519":",","2520":"G","2521":"A","2522":"A","2523":"W","2524":";","2525":";","2526":";","2527":";","2528":";","2529":";","2530":";","2531":";","2532":";","2533":";","2534":";","2535":";","2536":";","2537":";","2538":";","2539":";","2540":";","2541":";","2542":";","2543":";","2544":";","2545":";","2546":";","2547":";","2548":";","2549":";","2550":";","2551":";","2552":";","2553":";","2554":";","2555":";","2556":";","2557":";","2558":";","2559":";","2560":";","2561":";","2562":";","2563":";","2564":";","2565":";","2566":";","2567":";","2568":";","2569":";","2570":";","2571":";","2572":";","2573":";","2574":";","2575":";","2576":";","2577":"O","2578":"A","2579":"b","2580":"L","2581":",","2582":"I","2583":"A","2584":"A","2585":"I","2586":";","2587":"O","2588":"A","2589":"C","2590":"J","2591":",","2592":"W","2593":"A","2594":"A","2595":"W","2596":",","2597":"G","2598":"A","2599":"A","2600":"G","2601":",","2602":"I","2603":"A","2604":"A","2605":"I","2606":";","2607":";","2608":";","2609":";","2610":";","2611":";","2612":";","2613":";","2614":";","2615":";","2616":";","2617":";","2618":";","2619":";","2620":";","2621":";","2622":";","2623":";","2624":";","2625":";","2626":";","2627":";","2628":";","2629":";","2630":";","2631":";","2632":";","2633":";","2634":";","2635":";","2636":";","2637":";","2638":";","2639":";","2640":";","2641":";","2642":";","2643":";","2644":";","2645":";","2646":"G","2647":"A","2648":"G","2649":"7","2650":"B","2651":",","2652":"C","2653":"A","2654":"A","2655":"C","2656":",","2657":"k","2658":"B","2659":"A","2660":"A","2661":"E","2662":",","2663":"a","2664":"A","2665":"A","2666":"a","2667":",","2668":"G","2669":"A","2670":"A","2671":"G","2672":",","2673":"U","2674":"A","2675":"A","2676":"U","2677":",","2678":"C","2679":"A","2680":"A","2681":"C","2682":",","2683":"I","2684":"A","2685":"A","2686":"I","2687":",","2688":"C","2689":"A","2690":"A","2691":"C","2692":",","2693":"U","2694":"A","2695":"A","2696":"U","2697":";","2698":";","2699":";","2700":";","2701":";","2702":";","2703":";","2704":";","2705":";","2706":";","2707":";","2708":";","2709":";","2710":";","2711":";","2712":";","2713":";","2714":";","2715":";","2716":";","2717":";","2718":";","2719":";","2720":";","2721":";","2722":";","2723":";","2724":";","2725":";","2726":";","2727":";","2728":";","2729":";","273
[...]
olumn":7},"end":{"line":102,"column":26}},{"start":{"line":102,"column":30},"end":{"line":102,"column":63}}],"line":102},"8":{"loc":{"start":{"line":106,"column":3},"end":{"line":108,"column":4}},"type":"if","locations":[{"start":{"line":106,"column":3},"end":{"line":108,"column":4}},{"start":{},"end":{}}],"line":106},"9":{"loc":{"start":{"line":106,"column":7},"end":{"line":106,"column":69}},"type":"binary-expr","locations":[{"start":{"line":106,"column":7},"end":{"line":106,"column":29}},{"start":{"line":106,"column":33},"end":{"line":106,"column":69}}],"line":106},"10":{"loc":{"start":{"line":110,"column":3},"end":{"line":121,"column":4}},"type":"if","locations":[{"start":{"line":110,"column":3},"end":{"line":121,"column":4}},{"start":{"line":118,"column":10},"end":{"line":121,"column":4}}],"line":110},"11":{"loc":{"start":{"line":111,"column":4},"end":{"line":117,"column":5}},"type":"if","locations":[{"start":{"line":111,"column":4},"end":{"line":117,"column":5}},{"start":{"line":113,"column":11},"end":{"line":117,"column":5}}],"line":111},"12":{"loc":{"start":{"line":118,"column":10},"end":{"line":121,"column":4}},"type":"if","locations":[{"start":{"line":118,"column":10},"end":{"line":121,"column":4}},{"start":{},"end":{}}],"line":118},"13":{"loc":{"start":{"line":126,"column":3},"end":{"line":126,"column":35}},"type":"if","locations":[{"start":{"line":126,"column":3},"end":{"line":126,"column":35}},{"start":{},"end":{}}],"line":126},"14":{"loc":{"start":{"line":127,"column":3},"end":{"line":127,"column":30}},"type":"if","locations":[{"start":{"line":127,"column":3},"end":{"line":127,"column":30}},{"start":{},"end":{}}],"line":127},"15":{"loc":{"start":{"line":145,"column":16},"end":{"line":145,"column":26}},"type":"default-arg","locations":[{"start":{"line":145,"column":24},"end":{"line":145,"column":26}}],"line":145},"16":{"loc":{"start":{"line":165,"column":2},"end":{"line":165,"column":146}},"type":"if","locations":[{"start":{"line":165,"column":2},"end":{"line":165,"column":146}},{"start":{},"end":{}}],"line":165},"17":{"loc":{"start":{"line":165,"column":6},"end":{"line":165,"column":81}},"type":"binary-expr","locations":[{"start":{"line":165,"column":6},"end":{"line":165,"column":35}},{"start":{"line":165,"column":39},"end":{"line":165,"column":63}},{"start":{"line":165,"column":67},"end":{"line":165,"column":81}}],"line":165},"18":{"loc":{"start":{"line":187,"column":2},"end":{"line":187,"column":65}},"type":"if","locations":[{"start":{"line":187,"column":2},"end":{"line":187,"column":65}},{"start":{},"end":{}}],"line":187},"19":{"loc":{"start":{"line":188,"column":2},"end":{"line":188,"column":74}},"type":"if","locations":[{"start":{"line":188,"column":2},"end":{"line":188,"column":74}},{"start":{},"end":{}}],"line":188},"20":{"loc":{"start":{"line":189,"column":2},"end":{"line":189,"column":65}},"type":"if","locations":[{"start":{"line":189,"column":2},"end":{"line":189,"column":65}},{"start":{},"end":{}}],"line":189},"21":{"loc":{"start":{"line":192,"column":1},"end":{"line":194,"column":2}},"type":"if","locations":[{"start":{"line":192,"column":1},"end":{"line":194,"column":2}},{"start":{},"end":{}}],"line":192},"22":{"loc":{"start":{"line":192,"column":5},"end":{"line":192,"column":37}},"type":"binary-expr","locations":[{"start":{"line":192,"column":5},"end":{"line":192,"column":12}},{"start":{"line":192,"column":16},"end":{"line":192,"column":37}}],"line":192}},"s":{"0":1,"1":1,"2":1,"3":0,"4":0,"5":0,"6":0,"7":0,"8":0,"9":0,"10":0,"11":0,"12":0,"13":0,"14":0,"15":0,"16":0,"17":0,"18":0,"19":0,"20":0,"21":0,"22":0,"23":0,"24":0,"25":0,"26":0,"27":0,"28":0,"29":0,"30":0,"31":0,"32":0,"33":0,"34":0,"35":0,"36":0,"37":0,"38":0,"39":0,"40":0,"41":0,"42":0,"43":0,"44":0,"45":0,"46":0,"47":0,"48":0,"49":0,"50":0,"51":0,"52":0,"53":0,"54":0,"55":0,"56":0,"57":0,"58":0,"59":0,"60":0,"61":0,"62":0,"63":0,"64":0,"65":0,"66":0,"67":0,"68":0,"69":0,"70":0,"71":0,"72":0,"73":0,"74":0,"75":0,"76":0,"77":0,"78":0,"79":0,"80":0,"81":0,"82":0,"83":0,"84":0,"85":0,"86":0,"87":0,"88":0,"89":0,"90":0,"91":0,"92":0,"93":0,"94":0,"95":0,"96":0,"97":0,"98":0,"99":0,"100":0,"101":0,"102":0,"103":0,"104":1,"105":1},"f":{"0":0,"1":0,"2":0,"3":0,"4":0,"5":0,"6":0,"7":0,"8":0,"9":0,"10":0,"11":0,"12":0,"13":0,"14":0,"15":0,"16":0,"17":0,"18":0},"b":{"0":[0,0],"1":[0,0],"2":[0,0],"3":[0,0],"4":[0,0],"5":[0,0],"6":[0,0],"7":[0,0],"8":[0,0],"9":[0,0],"10":[0,0],"11":[0,0],"12":[0,0],"13":[0,0],"14":[0,0],"15":[0],"16":[0,0],"17":[0,0,0],"18":[0,0],"19":[0,0],"20":[0,0],"21":[0,0],"22":[0,0]},"inputSourceMap":{"0":"{","1":"\"","2":"v","3":"e","4":"r","5":"s","6":"i","7":"o","8":"n","9":"\"","10":":","11":"3","12":",","13":"\"","14":"n","15":"a","16":"m","17":"e","18":"s","19":"\"","20":":","21":"[","22":"]","23":",","24":"\"","25":"s","26":"o","27":"u","28":"r","29":"c","30":"e","31":"s","32":"\"","33":":","34":"[","35":"\"","36":"L","37":"o","38":"g","39":"i","40":"n","41":".","42":"s","43":"v","44":"e","45":"l","46":"t","47":"e","48":"\"","49":"]","50":",","51":"\"","52":"s","53":"o","54":"u","55":"r","56":"c","57":"e","58":"s","59":"C","60":"o","61":"n","62":"t","63":"e","64":"n","65":"t","66":"\"","67":":","68":"[","69":"\"","70":"<","71":"s","72":"c","73":"r","74":"i","75":"p","76":"t","77":">","78":"\\","79":"n","80":" ","81":" ","82":" ","83":" ","84":"i","85":"m","86":"p","87":"o","88":"r","89":"t","90":" ","91":"{","92":" ","93":"a","94":"p","95":"i","96":"F","97":"e","98":"t","99":"c","100":"h","101":" ","102":"}","103":" ","104":"f","105":"r","106":"o","107":"m","108":" ","109":"'","110":".","111":".","112":"/","113":"l","114":"i","115":"b","116":"/","117":"a","118":"p","119":"i","120":".","121":"j","122":"s","123":"'","124":"\\","125":"n","126":" ","127":" ","128":" ","129":" ","130":"l","131":"e","132":"t","133":" ","134":"e","135":"m","136":"a","137":"i","138":"l","139":" ","140":"=","141":" ","142":"'","143":"'","144":"\\","145":"n","146":" ","147":" ","148":" ","149":" ","150":"l","151":"e","152":"t","153":" ","154":"p","155":"a","156":"s","157":"s","158":"w","159":"o","160":"r","161":"d","162":" ","163":"=","164":" ","165":"'","166":"'","167":"\\","168":"n","169":" ","170":" ","171":" ","172":" ","173":"l","174":"e","175":"t","176":" ","177":"e","178":"r","179":"r","180":"o","181":"r","182":" ","183":"=","184":" ","185":"n","186":"u","187":"l","188":"l","189":"\\","190":"n","191":"\\","192":"n","193":" ","194":" ","195":" ","196":" ","197":"a","198":"s","199":"y","200":"n","201":"c","202":" ","203":"f","204":"u","205":"n","206":"c","207":"t","208":"i","209":"o","210":"n","211":" ","212":"h","213":"a","214":"n","215":"d","216":"l","217":"e","218":"L","219":"o","220":"g","221":"i","222":"n","223":"(","224":")","225":" ","226":"{","227":"\\","228":"n","229":" ","230":" ","231":" ","232":" ","233":" ","234":" ","235":" ","236":" ","237":"t","238":"r","239":"y","240":" ","241":"{","242":"\\","243":"n","244":" ","245":" ","246":" ","247":" ","248":" ","249":" ","250":" ","251":" ","252":" ","253":" ","254":" ","255":" ","256":"c","257":"o","258":"n","259":"s","260":"t","261":" ","262":"r","263":"e","264":"s","265":"p","266":"o","267":"n","268":"s","269":"e","270":" ","271":"=","272":" ","273":"a","274":"w","275":"a","276":"i","277":"t","278":" ","279":"a","280":"p","281":"i","282":"F","283":"e","284":"t","285":"c","286":"h","287":"(","288":"'","289":"/","290":"a","291":"u","292":"t","293":"h","294":"/","295":"l","296":"o","297":"g","298":"i","299":"n","300":"'","301":",","302":" ","303":"{","304":"\\","305":"n","306":" ","307":" ","308":" ","309":" ","310":" ","311":" ","312":" ","313":" ","314":" ","315":" ","316":" ","317":" ","318":" ","319":" ","320":" ","321":" ","322":"m","323":"e","324":"t","325":"h","326":"o","327":"d","328":":","329":" ","330":"'","331":"P","332":"O","333":"S","334":"T","335":"'","336":",","337":"\\","338":"n","339":" ","340":" ","341":" ","342":" ","343":" ","344":" ","345":" ","346":" ","347":" ","348":" ","349":" ","350":" ","351":" ","352":" ","353":" ","354":" ","355":"b","356":"o","357":"d","358":"y","359":":","360":" ","361":"J","362":"S","363":"O","364":"N","365":".","366":"s","367":"t","368":"r","369":"i","370":"n","371":"g","372":"i","373":"f","374":"y","375":"(","376":"{","377":" ","378":"e","379":"m","380":"a","381":"i","382":"l","383":",","384":" ","385":"p","386":"a","387":"s","388":"s","389":"w","390":"o","391":"r","392":"d","393":" ","394":"}","395":")","396":"\\","397":"n","398":" ","399":" ","400":" ","401":" ","402":" ","403":" ","404":" ","405":" ","406":" ","407":" ","408":" ","409":" ","410":"}","411":")","412":"\\","413":"n","414":" ","415":" ","416":" ","417":" ","418":" ","419":" ","420":" ","421":" ","422":" ","423":" ","424":" ","425":" ","426":"/","427":"/","428":" ","429":"H","430":"a","431":"n","432":"d","433":"l","434":"e","435":" ","436":"s","437":"u","438":"c","439":"c","440":"e","441":"s","442":"s","443":"f","444":"u","445":"l","446":" ","447":"l","448":"o","449":"g","450":"i","451":"n","452":"\\","453":"n","454":" ","455":" ","456":" ","457":" ","458":" ","459":" ","460":" ","461":" ","462":"}","463":" ","464":"c","465":"a","466":"t","467":"c","468":"h","469":" ","470":"(","471":"e","472":"r","473":"r","474":")","475":" ","476":"{","477":"\\","478":"n","479":" ","480":" ","481":" ","482":" ","483":" ","484":" ","485":" ","486":" ","487":" ","488":" ","489":" ","490":" ","491":"e","492":"r","493":"r","494":"o","495":"r","496":" ","497":"=","498":" ","499":"e","500":"r","501":"r","502":".","503":"m","504":"e","505":"s","506":"s","507":"a","508":"g","509":"e","510":"\\","511":"n","512":" ","513":" ","514":" ","515":" ","516":" ","517":" ","518":" ","519":" ","520":"}","521":"\\","522":"n","523":" ","524":" ","525":" ","526":" ","527":"}","528":"\\","529":"n","530":"<","531":"/","532":"s","533":"c","534":"r","535":"i","536":"p","537":"t","538":">","539":"\\","540":"n","541":"\\","542":"n","543":"<","544":"f","545":"o","546":"r","547":"m","548":" ","549":"o","550":"n","551":":","552":"s","553":"u","554":"b","555":"m","556":"i","557":"t","558":"|","559":"p","560":"r","561":"e","562":"v","563":"e","564":"n","565":"t","566":"D","567":"e","568":"f","569":"a","570":"u","571":"l","572":"t","573":"=","574":"{","575":"h","576":"a","577":"n","578":"d","579":"l","580":"e","581":"L","582":"o","583":"g","584":"i","585":"n","586":"}","587":">","588":"\\","589":"n","590":" ","591":" ","592":" ","593":" ","594":"<","595":"i","596":"n","597":"p","598":"u","599":"t","600":" ","601":"t","602":"y","603":"p","604":"e","605":"=","606":"\\","607":"\"","608":"e","609":"m","610":"a","611":"i","612":"l","613":"\\","614":"\"","615":" ","616":"b","617":"i","618":"n","619":"d","620":":","621":"v","622":"a","623":"l","624":"u","625":"e","626":"=","627":"{","628":"e","629":"m","630":"a","631":"i","632":"l","633":"}","634":" ","635":"p","636":"l","637":"a","638":"c","639":"e","640":"h","641":"o","642":"l","643":"d","644":"e","645":"r","646":"=","647":"\\","648":"\"","649":"E","650":"m","651":"a","652":"i","653":"l","654":"\\","655":"\"","656":" ","657":"/","658":">","659":"\\","660":"n","661":" ","662":" ","663":" ","664":" ","665":"<","666":"i","667":"n","668":"p","669":"u","670":"t","671":" ","672":"t","673":"y","674":"p","675":"e","676":"=","677":"\\","678":"\"","679":"p","680":"a","681":"s","682":"s","683":"w","684":"o","685":"r","686":"d","687":"\\","688":"\"","689":" ","690":"b","691":"i","692":"n","693":"d","694":":","695":"v","696":"a","697":"l","698":"u","699":"e","700":"=","701":"{","702":"p","703":"a","704":"s","705":"s","706":"w","707":"o","708":"r","709":"d","710":"}","711":" ","712":"p","713":"l","714":"a","715":"c","716":"e","717":"h","718":"o","719":"l","720":"d","721":"e","722":"r","723":"=","724":"\\","725":"\"","726":"P","727":"a","728":"s","729":"s","730":"w","731":"o","732":"r","733":"d","734":"\\","735":"\"","736":" ","737":"/","738":">","739":"\\","740":"n","741":" ","742":" ","743":" ","744":" ","745":"<","746":"b","747":"u","748":"t","749":"t","750":"o","751":"n","752":" ","753":"t","754":"y","755":"p","756":"e","757":"=","758":"\\","759":"\"","760":"s","761":"u","762":"b","763":"m","764":"i","765":"t","766":"\\","767":"\"","768":">","769":"L","770":"o","771":"g","772":"i","773":"n","774":"<","775":"/","776":"b","777":"u","778":"t","779":"t","780":"o","781":"n","782":">","783":"\\","784":"n","785":" ","786":" ","787":" ","788":" ","789":"{","790":"#","791":"i","792":"f","793":" ","794":"e","795":"r","796":"r","797":"o","798":"r","799":"}","800":"<","801":"d","802":"i","803":"v","804":" ","805":"c","806":"l","807":"a","808":"s","809":"s","810":"=","811":"\\","812":"\"","813":"e","814":"r","815":"r","816":"o","817":"r","818":"\\","819":"\"","820":">","821":"{","822":"e","823":"r","824":"r","825":"o","826":"r","827":"}","828":"<","829":"/","830":"d","831":"i","832":"v","833":">","834":"{","835":"/","836":"i","837":"f","838":"}","839":"\\","840":"n","841":"<","842":"/","843":"f","844":"o","845":"r","846":"m","847":">","848":"\\","849":"n","850":"\"","851":"]","852":",","853":"\"","854":"m","855":"a","856":"p","857":"p","858":"i","859":"n","860":"g","861":"s","862":"\"","863":":","864":"\"","865":";","866":";","867":";","868":";","869":"Q","870":"A","871":"C","872":"a","873":",","874":"Q","875":"A","876":"A","877":"Q","878":";","879":";","880":";","881":";","882":";","883":";","884":";","885":";","886":";","887":";","888":";","889":"s","890":"B","891":"A","892":"s","893":"B","894":"c","895":",","896":"G","897":"A","898":"A","899":"K","900":";","901":";","902":";","903":";","904":";","905":"G","906":"A","907":"A","908":"z","909":"B","910":",","911":"U","912":"A","913":"A","914":"g","915":"C","916":";","917":";","918":";","919":";","920":"s","921":"D","922":"A","923":"A","924":"Z","925":",","926":"G","927":"A","928":"A","929":"K","930":";","931":";","932":";","933":";","934":";","935":";","936":";","937":";","938":";","939":";","940":";","941":";","942":";","943":";","944":";","945":";","946":";","947":";","948":";","949":";","950":";","951":";","952":";","953":";","954":";","955":";","956":";","957":";","958":"0","959":"B","960":"A","961":"A","962":"/","963":"B","964":",","965":"G","966":"A","967":"A","968":"K","969":";","970":";","971":";","972":";","973":";","974":";","975":";","976":";","977":";","978":";","979":";","980":";","981":";","982":";","983":";","984":";","985":";","986":";","987":";","988":";","989":";","990":";","991":";","992":";","993":";","994":";","995":";","996":"G","997":"A","998":"J","999":"d","1000":",","1001":"U","1002":"A","1003":"K","1004":"O","1005":";","1006":"G","1007":"A","1008":"J","1009":"H","1010":",","1011":"U","1012":"A","1013":"A","1014":"6","1015":"D","1016":";","1017":"q","1018":"C","1019":"A","1020":"A","1021":"7","1022":"B","1023":",","1024":"G","1025":"A","1026":"A","1027":"K","1028":";","1029":";","1030":"G","1031":"A","1032":"C","1033":"r","1034":"C","1035":",","1036":"U","1037":"A","1038":"A","1039":"s","1040":"E","1041":";","1042":"w","1043":"C","1044":"A","1045":"A","1046":"n","1047":"C","1048":",","1049":"G","1050":"A","1051":"A","1052":"Q","1053":";","1054":";","1055":"G","1056":"A","1057":"C","1058":"3","1059":"C","1060":",","1061":"U","1062":"A","1063":"A","1064":"o","1065":"C","1066":";","1067":";","1068":";","1069":";","1070":";","1071":";","1072":";","1073":";","1074":"g","1075":"E","1076":"A","1077":"H","1078":"R","1079":",","1080":"G","1081":"A","1082":"A","1083":"W","1084":";","1085":";","1086":";","1087":";","1088":";","1089":";","1090":";","1091":"y","1092":"D","1093":"A","1094":"C","1095":"P","1096":",","1097":"G","1098":"A","1099":"A","1100":"K","1101":";","1102":"s","1103":"C","1104":"A","1105":"A","1106":"L","1107":",","1108":"G","1109":"A","1110":"A","1111":"K","1112":";","1113":";","1114":";","1115":"+","1116":"D","1117":"A","1118":"C","1119":"F","1120":",","1121":"G","1122":"A","1123":"A","1124":"Q","1125":";","1126":"y","1127":"C","1128":"A","1129":"A","1130":"R","1131":",","1132":"G","1133":"A","1134":"A","1135":"Q","1136":";","1137":";","1138":";","1139":"i","1140":"B","1141":"A","1142":"E","1143":"t","1144":"C","1145":",","1146":"G","1147":"A","1148":"A","1149":"K","1150":";","1151":";","1152":";","1153":";","1154":";","1155":";","1156":";","1157":";","1158":";","1159":";","1160":";","1161":";","1162":";","1163":";","1164":";","1165":";","1166":";","1167":";","1168":";","1169":";","1170":";","1171":";","1172":";","1173":";","1174":";","1175":";","1176":";","1177":";","1178":";","1179":";","1180":";","1181":";","1182":";","1183":";","1184":";","1185":";","1186":";","1187":"K","1188":"A","1189":"r","1190":"B","1191":"N","1192":",","1193":"K","1194":"A","1195":"A","1196":"K","1197":",","1198":"G","1199":"A","1200":"A","1201":"G","1202":",","1203":"E","1204":"A","1205":"A","1206":"E","1207":";","1208":"K","1209":"A","1210":"C","1211":"V","1212":",","1213":"Q","1214":"A","1215":"A","1216":"Q","1217":",","1218":"G","1219":"A","1220":"A","1221":"G","1222":",","1223":"E","1224":"A","1225":"A","1226":"E","1227":";","1228":"K","1229":"A","1230":"C","1231":"b","1232":",","1233":"K","1234":"A","1235":"A","1236":"K","1237":",","1238":"G","1239":"A","1240":"A","1241":"G","1242":",","1243":"I","1244":"A","1245":"A","1246":"I","1247":";","1248":";","1249":"g","1250":"B","1251":"A","1252":"E","1253":"D","1254":",","1255":"W","1256":"A","1257":"A","1258":"W","1259":";","1260":";","1261":"S","1262":"A","1263":"E","1264":"Z","1265":",","1266":"Q","1267":"A","1268":"A","1269":"Q","1270":",","1271":"S","1272":"A","1273":"A","1274":"S","1275":",","1276":"Q","1277":"A","1278":"A","1279":"Q","1280":",","1281":"C","1282":"A","1283":"A","1284":"C","1285":",","1286":"a","1287":"A","1288":"A","1289":"a","1290":";","1291":"I","1292":"A","1293":"C","1294":"z","1295":"C","1296":",","1297":"M","1298":"A","1299":"A","1300":"M","1301":",","1302":"E","1303":"A","1304":"A","1305":"E","1306":",","1307":"M","1308":"A","1309":"A","1310":"M","1311":";","1312":"I","1313":"A","1314":"C","1315":"d","1316":",","1317":"I","1318":"A","1319":"A","1320":"I","1321":",","1322":"E","1323":"A","1324":"A","1325":"E","1326":",","1327":"I","1328":"A","1329":"A","1330":"I","1331":",","1332":"C","1333":"A","1334":"A","1335":"C","1336":",","1337":"S","1338":"A","1339":"A","1340":"S","1341":",","1342":"G","1343":"A","1344":"A","1345":"G","1346":",","1347":"K","1348":"A","1349":"A","1350":"K","1351":",","1352":"E","1353":"A","1354":"A","1355":"E","1356":",","1357":"Q","1358":"A","1359":"A","1360":"Q","1361":";","1362":";","1363":"U","1364":"A","1365":"G","1366":"r","1367":"C","1368":",","1369":"G","1370":"A","1371":"A","1372":"G","1373":";","1374":"m","1375":"B","1376":"A","1377":"C","1378":"R","1379":",","1380":"K","1381":"A","1382":"A","1383":"K","1384":",","1385":"G","1386":"A","1387":"A","1388":"G","1389":",","1390":"G","1391":"A","1392":"A","1393":"G","1394":",","1395":"C","1396":"A","1397":"A","1398":"C","1399":",","1400":"O","1401":"A","1402":"A","1403":"O","1404":";","1405":";","1406":";","1407":";","1408":";","1409":";","1410":";","1411":";","1412":";","1413":";","1414":";","1415":"E","1416":"A","1417":"M","1418":"K","1419":",","1420":"K","1421":"A","1422":"A","1423":"K","1424":";","1425":";","1426":";","1427":";","1428":";","1429":"E","1430":"A","1431":"C","1432":"F","1433":",","1434":"Q","1435":"A","1436":"A","1437":"Q","1438":";","1439":";","1440":";","1441":";","1442":";","1443":";","1444":";","1445":";","1446":";","1447":";","1448":";","1449":";","1450":";","1451":";","1452":";","1453":";","1454":";","1455":";","1456":";","1457":";","1458":";","1459":";","1460":";","1461":";","1462":";","1463":";","1464":";","1465":";","1466":";","1467":";","1468":";","1469":";","1470":";","1471":";","1472":";","1473":";","1474":";","1475":";","1476":";","1477":";","1478":";","1479":";","1480":";","1481":";","1482":";","1483":";","1484":"\"","1485":"}"},"_coverageSchema":"1a1c01bbd47fc00a2c39e90264f33305004495a9","hash":"25fa345e0be66bd7ca58058cc45a62cfca00cad4"}
}
