{"total": {"lines":{"total":1223,"covered":588,"skipped":0,"pct":48.07},"statements":{"total":1378,"covered":623,"skipped":0,"pct":45.21},"functions":{"total":264,"covered":85,"skipped":0,"pct":32.19},"branches":{"total":507,"covered":134,"skipped":0,"pct":26.42},"branchesTrue":{"total":0,"covered":0,"skipped":0,"pct":100}}
,"/mnt/d/GenAI/free-genai-bootcamp-2025/flashcard/frontend/src/App.svelte": {"lines":{"total":76,"covered":8,"skipped":0,"pct":10.52},"functions":{"total":18,"covered":0,"skipped":0,"pct":0},"statements":{"total":84,"covered":9,"skipped":0,"pct":10.71},"branches":{"total":18,"covered":0,"skipped":0,"pct":0}}
,"/mnt/d/GenAI/free-genai-bootcamp-2025/flashcard/frontend/src/components/Deck.svelte": {"lines":{"total":165,"covered":5,"skipped":0,"pct":3.03},"functions":{"total":41,"covered":0,"skipped":0,"pct":0},"statements":{"total":189,"covered":6,"skipped":0,"pct":3.17},"branches":{"total":80,"covered":0,"skipped":0,"pct":0}}
,"/mnt/d/GenAI/free-genai-bootcamp-2025/flashcard/frontend/src/components/DeckList.svelte": {"lines":{"total":75,"covered":0,"skipped":0,"pct":0},"functions":{"total":20,"covered":0,"skipped":0,"pct":0},"statements":{"total":85,"covered":0,"skipped":0,"pct":0},"branches":{"total":33,"covered":0,"skipped":0,"pct":0}}
,"/mnt/d/GenAI/free-genai-bootcamp-2025/flashcard/frontend/src/components/FlashcardForm.svelte": {"lines":{"total":79,"covered":69,"skipped":0,"pct":87.34},"functions":{"total":18,"covered":12,"skipped":0,"pct":66.66},"statements":{"total":87,"covered":71,"skipped":0,"pct":81.6},"branches":{"total":38,"covered":19,"skipped":0,"pct":50}}
,"/mnt/d/GenAI/free-genai-bootcamp-2025/flashcard/frontend/src/components/FlashcardReview.svelte": {"lines":{"total":202,"covered":146,"skipped":0,"pct":72.27},"functions":{"total":43,"covered":23,"skipped":0,"pct":53.48},"statements":{"total":229,"covered":154,"skipped":0,"pct":67.24},"branches":{"total":95,"covered":36,"skipped":0,"pct":37.89}}
,"/mnt/d/GenAI/free-genai-bootcamp-2025/flashcard/frontend/src/components/Navbar.svelte": {"lines":{"total":44,"covered":3,"skipped":0,"pct":6.81},"functions":{"total":9,"covered":0,"skipped":0,"pct":0},"statements":{"total":47,"covered":4,"skipped":0,"pct":8.51},"branches":{"total":8,"covered":0,"skipped":0,"pct":0}}
,"/mnt/d/GenAI/free-genai-bootcamp-2025/flashcard/frontend/src/components/StudySession.svelte": {"lines":{"total":258,"covered":217,"skipped":0,"pct":84.1},"functions":{"total":40,"covered":23,"skipped":0,"pct":57.5},"statements":{"total":292,"covered":227,"skipped":0,"pct":77.73},"branches":{"total":98,"covered":37,"skipped":0,"pct":37.75}}
,"/mnt/d/GenAI/free-genai-bootcamp-2025/flashcard/frontend/src/lib/api.js": {"lines":{"total":10,"covered":0,"skipped":0,"pct":0},"functions":{"total":1,"covered":0,"skipped":0,"pct":0},"statements":{"total":10,"covered":0,"skipped":0,"pct":0},"branches":{"total":7,"covered":0,"skipped":0,"pct":0}}
,"/mnt/d/GenAI/free-genai-bootcamp-2025/flashcard/frontend/src/lib/auth.js": {"lines":{"total":17,"covered":13,"skipped":0,"pct":76.47},"functions":{"total":5,"covered":3,"skipped":0,"pct":60},"statements":{"total":17,"covered":13,"skipped":0,"pct":76.47},"branches":{"total":4,"covered":4,"skipped":0,"pct":100}}
,"/mnt/d/GenAI/free-genai-bootcamp-2025/flashcard/frontend/src/lib/stores.js": {"lines":{"total":2,"covered":0,"skipped":0,"pct":0},"functions":{"total":0,"covered":0,"skipped":0,"pct":100},"statements":{"total":2,"covered":0,"skipped":0,"pct":0},"branches":{"total":0,"covered":0,"skipped":0,"pct":100}}
,"/mnt/d/GenAI/free-genai-bootcamp-2025/flashcard/frontend/src/lib/utils.js": {"lines":{"total":15,"covered":15,"skipped":0,"pct":100},"functions":{"total":6,"covered":6,"skipped":0,"pct":100},"statements":{"total":17,"covered":17,"skipped":0,"pct":100},"branches":{"total":10,"covered":10,"skipped":0,"pct":100}}
,"/mnt/d/GenAI/free-genai-bootcamp-2025/flashcard/frontend/src/routes/DeckManagement.svelte": {"lines":{"total":146,"covered":6,"skipped":0,"pct":4.1},"functions":{"total":35,"covered":0,"skipped":0,"pct":0},"statements":{"total":166,"covered":7,"skipped":0,"pct":4.21},"branches":{"total":54,"covered":0,"skipped":0,"pct":0}}
,"/mnt/d/GenAI/free-genai-bootcamp-2025/flashcard/frontend/src/routes/Home.svelte": {"lines":{"total":40,"covered":38,"skipped":0,"pct":95},"functions":{"total":9,"covered":7,"skipped":0,"pct":77.77},"statements":{"total":47,"covered":44,"skipped":0,"pct":93.61},"branches":{"total":16,"covered":6,"skipped":0,"pct":37.5}}
,"/mnt/d/GenAI/free-genai-bootcamp-2025/flashcard/frontend/src/routes/Login.svelte": {"lines":{"total":94,"covered":68,"skipped":0,"pct":72.34},"functions":{"total":19,"covered":11,"skipped":0,"pct":57.89},"statements":{"total":106,"covered":71,"skipped":0,"pct":66.98},"branches":{"total":46,"covered":22,"skipped":0,"pct":47.82}}
}
