TN:
SF:src/App.svelte
FN:13,create_default_slot
FN:33,create
FN:40,mount
FN:49,intro
FN:56,outro
FN:62,destroy
FN:82,create_fragment
FN:98,create
FN:103,claim
FN:106,mount
FN:112,update
FN:121,intro
FN:127,outro
FN:132,destroy
FN:150,instance
FN:155,(anonymous_15)
FN:159,(anonymous_16)
FN:172,(anonymous_17)
FNF:18
FNH:0
FNDA:0,create_default_slot
FNDA:0,create
FNDA:0,mount
FNDA:0,intro
FNDA:0,outro
FNDA:0,destroy
FNDA:0,create_fragment
FNDA:0,create
FNDA:0,claim
FNDA:0,mount
FNDA:0,update
FNDA:0,intro
FNDA:0,outro
FNDA:0,destroy
FNDA:0,instance
FNDA:0,(anonymous_15)
FNDA:0,(anonymous_16)
FNDA:0,(anonymous_17)
DA:4,1
DA:5,1
DA:6,1
DA:7,1
DA:8,1
DA:9,1
DA:10,1
DA:20,0
DA:22,0
DA:27,0
DA:32,0
DA:34,0
DA:35,0
DA:36,0
DA:37,0
DA:38,0
DA:41,0
DA:42,0
DA:43,0
DA:44,0
DA:45,0
DA:46,0
DA:50,0
DA:51,0
DA:52,0
DA:53,0
DA:54,0
DA:57,0
DA:58,0
DA:59,0
DA:60,0
DA:63,0
DA:64,0
DA:65,0
DA:66,0
DA:67,0
DA:71,0
DA:79,0
DA:87,0
DA:89,0
DA:97,0
DA:99,0
DA:100,0
DA:101,0
DA:104,0
DA:107,0
DA:108,0
DA:109,0
DA:110,0
DA:113,0
DA:115,0
DA:116,0
DA:119,0
DA:122,0
DA:123,0
DA:124,0
DA:125,0
DA:128,0
DA:129,0
DA:130,0
DA:133,0
DA:134,0
DA:135,0
DA:139,0
DA:147,0
DA:151,0
DA:152,0
DA:153,0
DA:155,0
DA:156,0
DA:159,0
DA:168,0
DA:173,0
DA:174,0
DA:176,0
DA:185,1
LF:76
LH:8
BRDA:50,0,0,0
BRDA:50,0,1,0
BRDA:64,1,0,0
BRDA:64,1,1,0
BRDA:66,2,0,0
BRDA:66,2,1,0
BRDA:115,3,0,0
BRDA:115,3,1,0
BRDA:122,4,0,0
BRDA:122,4,1,0
BRDA:134,5,0,0
BRDA:134,5,1,0
BRDA:151,6,0,0
BRDA:156,7,0,0
BRDA:156,7,1,0
BRDA:156,8,0,0
BRDA:156,8,1,0
BRDA:156,8,2,0
BRF:18
BRH:0
end_of_record
TN:
SF:src/components/Deck.svelte
FN:9,add_css
FN:14,create_if_block
FN:54,create
FN:64,mount
FN:73,update
FN:99,intro
FN:106,outro
FN:112,destroy
FN:132,create_default_slot_2
FN:136,create
FN:139,mount
FN:142,destroy
FN:159,create_default_slot_1
FN:163,create
FN:166,mount
FN:169,destroy
FN:186,create_default_slot
FN:190,create
FN:193,mount
FN:196,destroy
FN:212,create_fragment
FN:227,create
FN:248,claim
FN:251,mount
FN:264,update
FN:284,(anonymous_25)
FN:291,intro
FN:296,outro
FN:300,destroy
FN:317,instance
FN:324,(anonymous_30)
FN:332,(anonymous_31)
FN:336,(anonymous_32)
FN:341,(anonymous_33)
FN:349,(anonymous_34)
FN:359,(anonymous_35)
FN:370,(anonymous_36)
FN:382,(anonymous_37)
FN:386,(anonymous_38)
FN:391,(anonymous_39)
FN:395,(anonymous_40)
FNF:41
FNH:0
FNDA:0,add_css
FNDA:0,create_if_block
FNDA:0,create
FNDA:0,mount
FNDA:0,update
FNDA:0,intro
FNDA:0,outro
FNDA:0,destroy
FNDA:0,create_default_slot_2
FNDA:0,create
FNDA:0,mount
FNDA:0,destroy
FNDA:0,create_default_slot_1
FNDA:0,create
FNDA:0,mount
FNDA:0,destroy
FNDA:0,create_default_slot
FNDA:0,create
FNDA:0,mount
FNDA:0,destroy
FNDA:0,create_fragment
FNDA:0,create
FNDA:0,claim
FNDA:0,mount
FNDA:0,update
FNDA:0,(anonymous_25)
FNDA:0,intro
FNDA:0,outro
FNDA:0,destroy
FNDA:0,instance
FNDA:0,(anonymous_30)
FNDA:0,(anonymous_31)
FNDA:0,(anonymous_32)
FNDA:0,(anonymous_33)
FNDA:0,(anonymous_34)
FNDA:0,(anonymous_35)
FNDA:0,(anonymous_36)
FNDA:0,(anonymous_37)
FNDA:0,(anonymous_38)
FNDA:0,(anonymous_39)
FNDA:0,(anonymous_40)
DA:4,1
DA:5,1
DA:6,1
DA:7,1
DA:10,0
DA:23,0
DA:33,0
DA:43,0
DA:53,0
DA:55,0
DA:56,0
DA:57,0
DA:58,0
DA:59,0
DA:60,0
DA:61,0
DA:62,0
DA:65,0
DA:66,0
DA:67,0
DA:68,0
DA:69,0
DA:70,0
DA:71,0
DA:74,0
DA:75,0
DA:77,0
DA:78,0
DA:81,0
DA:82,0
DA:83,0
DA:85,0
DA:86,0
DA:89,0
DA:90,0
DA:91,0
DA:93,0
DA:94,0
DA:97,0
DA:100,0
DA:101,0
DA:102,0
DA:103,0
DA:104,0
DA:107,0
DA:108,0
DA:109,0
DA:110,0
DA:113,0
DA:114,0
DA:115,0
DA:116,0
DA:120,0
DA:128,0
DA:135,0
DA:137,0
DA:140,0
DA:143,0
DA:147,0
DA:155,0
DA:162,0
DA:164,0
DA:167,0
DA:170,0
DA:174,0
DA:182,0
DA:189,0
DA:191,0
DA:194,0
DA:197,0
DA:201,0
DA:209,0
DA:216,0
DA:224,0
DA:226,0
DA:228,0
DA:229,0
DA:230,0
DA:231,0
DA:232,0
DA:233,0
DA:234,0
DA:235,0
DA:236,0
DA:237,0
DA:238,0
DA:239,0
DA:240,0
DA:241,0
DA:242,0
DA:243,0
DA:244,0
DA:245,0
DA:246,0
DA:249,0
DA:252,0
DA:253,0
DA:254,0
DA:255,0
DA:256,0
DA:257,0
DA:258,0
DA:259,0
DA:260,0
DA:261,0
DA:262,0
DA:265,0
DA:266,0
DA:268,0
DA:269,0
DA:270,0
DA:272,0
DA:273,0
DA:276,0
DA:277,0
DA:278,0
DA:279,0
DA:281,0
DA:282,0
DA:284,0
DA:285,0
DA:288,0
DA:292,0
DA:293,0
DA:294,0
DA:297,0
DA:298,0
DA:301,0
DA:302,0
DA:306,0
DA:314,0
DA:319,0
DA:320,0
DA:321,0
DA:322,0
DA:324,0
DA:325,0
DA:326,0
DA:330,0
DA:332,0
DA:333,0
DA:336,0
DA:337,0
DA:338,0
DA:341,0
DA:349,0
DA:350,0
DA:351,0
DA:352,0
DA:355,0
DA:356,0
DA:359,0
DA:360,0
DA:362,0
DA:366,0
DA:371,0
DA:372,0
DA:374,0
DA:383,0
DA:387,0
DA:388,0
DA:392,0
DA:396,0
DA:397,0
DA:401,1
LF:165
LH:5
BRDA:75,0,0,0
BRDA:75,0,1,0
BRDA:77,1,0,0
BRDA:77,1,1,0
BRDA:83,2,0,0
BRDA:83,2,1,0
BRDA:85,3,0,0
BRDA:85,3,1,0
BRDA:91,4,0,0
BRDA:91,4,1,0
BRDA:93,5,0,0
BRDA:93,5,1,0
BRDA:100,6,0,0
BRDA:100,6,1,0
BRDA:113,7,0,0
BRDA:113,7,1,0
BRDA:143,8,0,0
BRDA:143,8,1,0
BRDA:170,9,0,0
BRDA:170,9,1,0
BRDA:197,10,0,0
BRDA:197,10,1,0
BRDA:224,11,0,0
BRDA:224,11,1,0
BRDA:237,12,0,0
BRDA:237,12,1,0
BRDA:261,13,0,0
BRDA:261,13,1,0
BRDA:265,14,0,0
BRDA:265,14,1,0
BRDA:265,15,0,0
BRDA:265,15,1,0
BRDA:265,15,2,0
BRDA:266,16,0,0
BRDA:266,16,1,0
BRDA:266,17,0,0
BRDA:266,17,1,0
BRDA:268,18,0,0
BRDA:268,18,1,0
BRDA:269,19,0,0
BRDA:269,19,1,0
BRDA:272,20,0,0
BRDA:272,20,1,0
BRDA:281,21,0,0
BRDA:281,21,1,0
BRDA:292,22,0,0
BRDA:292,22,1,0
BRDA:301,23,0,0
BRDA:301,23,1,0
BRDA:302,24,0,0
BRDA:302,24,1,0
BRDA:319,25,0,0
BRDA:322,26,0,0
BRDA:325,27,0,0
BRDA:325,27,1,0
BRDA:325,28,0,0
BRDA:325,28,1,0
BRDA:325,29,0,0
BRDA:325,29,1,0
BRDA:333,30,0,0
BRDA:333,30,1,0
BRDA:333,31,0,0
BRDA:333,31,1,0
BRDA:333,31,2,0
BRDA:337,32,0,0
BRDA:337,32,1,0
BRDA:338,33,0,0
BRDA:338,33,1,0
BRDA:350,34,0,0
BRDA:350,34,1,0
BRDA:351,35,0,0
BRDA:351,35,1,0
BRDA:352,36,0,0
BRDA:352,36,1,0
BRDA:355,37,0,0
BRDA:355,37,1,0
BRDA:355,38,0,0
BRDA:355,38,1,0
BRDA:360,39,0,0
BRDA:360,39,1,0
BRF:80
BRH:0
end_of_record
TN:
SF:src/components/FlashcardForm.svelte
FN:8,create_fragment
FN:19,create
FN:38,claim
FN:41,mount
FN:61,update
FN:72,destroy
FN:90,instance
FN:98,handleSubmit
FN:109,(anonymous_8)
FN:117,(anonymous_9)
FN:121,input_input_handler
FN:126,textarea_input_handler
FN:131,(anonymous_12)
FN:135,(anonymous_13)
FN:144,(anonymous_14)
FN:165,(anonymous_15)
FN:177,(anonymous_16)
FN:181,(anonymous_17)
FNF:18
FNH:12
FNDA:3,create_fragment
FNDA:3,create
FNDA:0,claim
FNDA:3,mount
FNDA:5,update
FNDA:3,destroy
FNDA:3,instance
FNDA:1,handleSubmit
FNDA:3,(anonymous_8)
FNDA:3,(anonymous_9)
FNDA:2,input_input_handler
FNDA:2,textarea_input_handler
FNDA:0,(anonymous_12)
FNDA:0,(anonymous_13)
FNDA:0,(anonymous_14)
FNDA:3,(anonymous_15)
FNDA:0,(anonymous_16)
FNDA:0,(anonymous_17)
DA:4,1
DA:5,1
DA:6,1
DA:18,3
DA:20,3
DA:21,3
DA:22,3
DA:23,3
DA:24,3
DA:25,3
DA:26,3
DA:27,3
DA:28,3
DA:29,3
DA:30,3
DA:31,3
DA:32,3
DA:33,3
DA:34,3
DA:35,3
DA:36,3
DA:39,0
DA:42,3
DA:43,3
DA:44,3
DA:45,3
DA:46,3
DA:47,3
DA:48,3
DA:49,3
DA:51,3
DA:52,3
DA:58,3
DA:62,5
DA:63,1
DA:66,5
DA:67,3
DA:73,3
DA:74,3
DA:75,3
DA:79,3
DA:87,3
DA:91,3
DA:92,3
DA:93,3
DA:94,3
DA:95,3
DA:96,3
DA:99,1
DA:100,1
DA:103,1
DA:105,1
DA:109,3
DA:110,3
DA:111,0
DA:115,3
DA:117,3
DA:118,3
DA:122,2
DA:123,2
DA:127,2
DA:128,2
DA:131,3
DA:132,0
DA:135,3
DA:144,3
DA:145,0
DA:146,0
DA:147,0
DA:150,3
DA:151,0
DA:154,3
DA:166,3
DA:167,3
DA:169,3
DA:178,0
DA:182,0
DA:183,0
DA:187,1
LF:79
LH:69
BRDA:51,0,0,3
BRDA:51,0,1,0
BRDA:62,1,0,1
BRDA:62,1,1,4
BRDA:62,2,0,5
BRDA:62,2,1,3
BRDA:66,3,0,3
BRDA:66,3,1,2
BRDA:73,4,0,3
BRDA:73,4,1,0
BRDA:91,5,0,3
BRDA:99,6,0,1
BRDA:99,6,1,0
BRDA:99,7,0,1
BRDA:99,7,1,1
BRDA:110,8,0,0
BRDA:110,8,1,3
BRDA:110,9,0,3
BRDA:110,9,1,0
BRDA:110,10,0,0
BRDA:110,10,1,0
BRDA:118,11,0,0
BRDA:118,11,1,3
BRDA:118,12,0,3
BRDA:118,12,1,0
BRDA:118,12,2,0
BRDA:132,13,0,0
BRDA:132,13,1,0
BRDA:145,14,0,0
BRDA:145,14,1,0
BRDA:146,15,0,0
BRDA:146,15,1,0
BRDA:147,16,0,0
BRDA:147,16,1,0
BRDA:150,17,0,0
BRDA:150,17,1,3
BRDA:150,18,0,3
BRDA:150,18,1,3
BRF:38
BRH:19
end_of_record
TN:
SF:src/components/FlashcardReview.svelte
FN:8,add_css
FN:13,create_else_block
FN:19,create
FN:25,mount
FN:34,destroy
FN:53,create_if_block
FN:77,create
FN:113,mount
FN:142,update
FN:172,destroy
FN:193,create_if_block_2
FN:199,create
FN:205,mount
FN:209,update
FN:212,destroy
FN:229,create_if_block_1
FN:235,create
FN:241,mount
FN:245,update
FN:248,destroy
FN:264,create_fragment
FN:272,select_block_type
FN:281,create
FN:295,claim
FN:298,mount
FN:306,update
FN:323,destroy
FN:340,instance
FN:347,toggleAnswer
FN:351,rateCard
FN:356,(anonymous_30)
FN:364,(anonymous_31)
FN:368,(anonymous_32)
FN:369,(anonymous_33)
FN:370,(anonymous_34)
FN:372,(anonymous_35)
FN:377,(anonymous_36)
FN:386,(anonymous_37)
FN:407,(anonymous_38)
FN:419,(anonymous_39)
FN:423,(anonymous_40)
FN:428,(anonymous_41)
FN:432,(anonymous_42)
FNF:43
FNH:0
FNDA:0,add_css
FNDA:0,create_else_block
FNDA:0,create
FNDA:0,mount
FNDA:0,destroy
FNDA:0,create_if_block
FNDA:0,create
FNDA:0,mount
FNDA:0,update
FNDA:0,destroy
FNDA:0,create_if_block_2
FNDA:0,create
FNDA:0,mount
FNDA:0,update
FNDA:0,destroy
FNDA:0,create_if_block_1
FNDA:0,create
FNDA:0,mount
FNDA:0,update
FNDA:0,destroy
FNDA:0,create_fragment
FNDA:0,select_block_type
FNDA:0,create
FNDA:0,claim
FNDA:0,mount
FNDA:0,update
FNDA:0,destroy
FNDA:0,instance
FNDA:0,toggleAnswer
FNDA:0,rateCard
FNDA:0,(anonymous_30)
FNDA:0,(anonymous_31)
FNDA:0,(anonymous_32)
FNDA:0,(anonymous_33)
FNDA:0,(anonymous_34)
FNDA:0,(anonymous_35)
FNDA:0,(anonymous_36)
FNDA:0,(anonymous_37)
FNDA:0,(anonymous_38)
FNDA:0,(anonymous_39)
FNDA:0,(anonymous_40)
FNDA:0,(anonymous_41)
FNDA:0,(anonymous_42)
DA:4,1
DA:5,1
DA:6,1
DA:9,0
DA:18,0
DA:20,0
DA:21,0
DA:22,0
DA:23,0
DA:26,0
DA:28,0
DA:29,0
DA:30,0
DA:35,0
DA:36,0
DA:37,0
DA:41,0
DA:49,0
DA:56,0
DA:60,0
DA:73,0
DA:74,0
DA:76,0
DA:78,0
DA:79,0
DA:80,0
DA:81,0
DA:82,0
DA:83,0
DA:84,0
DA:85,0
DA:86,0
DA:87,0
DA:88,0
DA:89,0
DA:90,0
DA:91,0
DA:92,0
DA:93,0
DA:94,0
DA:95,0
DA:96,0
DA:97,0
DA:98,0
DA:99,0
DA:100,0
DA:101,0
DA:102,0
DA:103,0
DA:104,0
DA:105,0
DA:106,0
DA:107,0
DA:108,0
DA:109,0
DA:110,0
DA:111,0
DA:114,0
DA:115,0
DA:116,0
DA:117,0
DA:118,0
DA:119,0
DA:120,0
DA:121,0
DA:122,0
DA:123,0
DA:124,0
DA:125,0
DA:126,0
DA:127,0
DA:128,0
DA:129,0
DA:130,0
DA:132,0
DA:133,0
DA:139,0
DA:143,0
DA:144,0
DA:146,0
DA:147,0
DA:148,0
DA:150,0
DA:151,0
DA:152,0
DA:154,0
DA:155,0
DA:156,0
DA:159,0
DA:160,0
DA:161,0
DA:163,0
DA:164,0
DA:165,0
DA:167,0
DA:168,0
DA:169,0
DA:173,0
DA:174,0
DA:175,0
DA:176,0
DA:177,0
DA:181,0
DA:189,0
DA:195,0
DA:198,0
DA:200,0
DA:201,0
DA:202,0
DA:203,0
DA:206,0
DA:207,0
DA:210,0
DA:213,0
DA:217,0
DA:225,0
DA:231,0
DA:234,0
DA:236,0
DA:237,0
DA:238,0
DA:239,0
DA:242,0
DA:243,0
DA:246,0
DA:249,0
DA:253,0
DA:261,0
DA:268,0
DA:273,0
DA:274,0
DA:277,0
DA:278,0
DA:280,0
DA:282,0
DA:283,0
DA:284,0
DA:285,0
DA:286,0
DA:287,0
DA:288,0
DA:289,0
DA:290,0
DA:291,0
DA:292,0
DA:293,0
DA:296,0
DA:299,0
DA:300,0
DA:301,0
DA:302,0
DA:303,0
DA:304,0
DA:307,0
DA:309,0
DA:310,0
DA:312,0
DA:313,0
DA:315,0
DA:316,0
DA:317,0
DA:324,0
DA:325,0
DA:329,0
DA:337,0
DA:341,0
DA:342,0
DA:343,0
DA:344,0
DA:345,0
DA:348,0
DA:352,0
DA:353,0
DA:356,0
DA:357,0
DA:358,0
DA:362,0
DA:364,0
DA:365,0
DA:368,0
DA:369,0
DA:370,0
DA:372,0
DA:373,0
DA:374,0
DA:377,0
DA:386,0
DA:387,0
DA:388,0
DA:391,0
DA:392,0
DA:395,0
DA:408,0
DA:409,0
DA:411,0
DA:420,0
DA:424,0
DA:425,0
DA:429,0
DA:433,0
DA:434,0
DA:438,1
LF:202
LH:4
BRDA:28,0,0,0
BRDA:28,0,1,0
BRDA:35,1,0,0
BRDA:35,1,1,0
BRDA:73,2,0,0
BRDA:73,2,1,0
BRDA:74,3,0,0
BRDA:74,3,1,0
BRDA:85,4,0,0
BRDA:85,4,1,0
BRDA:87,5,0,0
BRDA:87,5,1,0
BRDA:121,6,0,0
BRDA:121,6,1,0
BRDA:123,7,0,0
BRDA:123,7,1,0
BRDA:132,8,0,0
BRDA:132,8,1,0
BRDA:143,9,0,0
BRDA:143,9,1,0
BRDA:143,10,0,0
BRDA:143,10,1,0
BRDA:144,11,0,0
BRDA:144,11,1,0
BRDA:144,12,0,0
BRDA:144,12,1,0
BRDA:146,13,0,0
BRDA:146,13,1,0
BRDA:147,14,0,0
BRDA:147,14,1,0
BRDA:154,15,0,0
BRDA:154,15,1,0
BRDA:159,16,0,0
BRDA:159,16,1,0
BRDA:160,17,0,0
BRDA:160,17,1,0
BRDA:167,18,0,0
BRDA:167,18,1,0
BRDA:173,19,0,0
BRDA:173,19,1,0
BRDA:174,20,0,0
BRDA:174,20,1,0
BRDA:175,21,0,0
BRDA:175,21,1,0
BRDA:210,22,0,0
BRDA:210,22,1,0
BRDA:210,23,0,0
BRDA:210,23,1,0
BRDA:213,24,0,0
BRDA:213,24,1,0
BRDA:246,25,0,0
BRDA:246,25,1,0
BRDA:246,26,0,0
BRDA:246,26,1,0
BRDA:249,27,0,0
BRDA:249,27,1,0
BRDA:273,28,0,0
BRDA:273,28,1,0
BRDA:307,29,0,0
BRDA:307,29,1,0
BRDA:307,30,0,0
BRDA:307,30,1,0
BRDA:309,31,0,0
BRDA:309,31,1,0
BRDA:309,32,0,0
BRDA:309,32,1,0
BRDA:315,33,0,0
BRDA:315,33,1,0
BRDA:324,34,0,0
BRDA:324,34,1,0
BRDA:341,35,0,0
BRDA:344,36,0,0
BRDA:357,37,0,0
BRDA:357,37,1,0
BRDA:357,38,0,0
BRDA:357,38,1,0
BRDA:357,39,0,0
BRDA:357,39,1,0
BRDA:365,40,0,0
BRDA:365,40,1,0
BRDA:365,41,0,0
BRDA:365,41,1,0
BRDA:365,41,2,0
BRDA:373,42,0,0
BRDA:373,42,1,0
BRDA:374,43,0,0
BRDA:374,43,1,0
BRDA:387,44,0,0
BRDA:387,44,1,0
BRDA:388,45,0,0
BRDA:388,45,1,0
BRDA:391,46,0,0
BRDA:391,46,1,0
BRDA:391,47,0,0
BRDA:391,47,1,0
BRF:95
BRH:0
end_of_record
TN:
SF:src/components/Navbar.svelte
FN:7,add_css
FN:11,create_fragment
FN:20,create
FN:42,claim
FN:45,mount
FN:56,destroy
FN:72,instance
FN:77,(anonymous_7)
FN:85,(anonymous_8)
FNF:9
FNH:0
FNDA:0,add_css
FNDA:0,create_fragment
FNDA:0,create
FNDA:0,claim
FNDA:0,mount
FNDA:0,destroy
FNDA:0,instance
FNDA:0,(anonymous_7)
FNDA:0,(anonymous_8)
DA:4,1
DA:5,1
DA:8,0
DA:19,0
DA:21,0
DA:22,0
DA:23,0
DA:24,0
DA:25,0
DA:26,0
DA:27,0
DA:28,0
DA:29,0
DA:30,0
DA:31,0
DA:32,0
DA:33,0
DA:34,0
DA:35,0
DA:36,0
DA:37,0
DA:38,0
DA:39,0
DA:40,0
DA:43,0
DA:46,0
DA:47,0
DA:48,0
DA:49,0
DA:50,0
DA:51,0
DA:57,0
DA:61,0
DA:69,0
DA:73,0
DA:74,0
DA:75,0
DA:77,0
DA:78,0
DA:81,0
DA:86,0
DA:87,0
DA:89,0
DA:98,1
LF:44
LH:3
BRDA:57,0,0,0
BRDA:57,0,1,0
BRDA:73,1,0,0
BRDA:78,2,0,0
BRDA:78,2,1,0
BRDA:78,3,0,0
BRDA:78,3,1,0
BRDA:78,3,2,0
BRF:8
BRH:0
end_of_record
TN:
SF:src/components/StudySession.svelte
FN:9,add_css
FN:14,create_else_block
FN:18,create
FN:23,mount
FN:29,destroy
FN:46,create_if_block_1
FN:58,create
FN:61,mount
FN:65,update
FN:70,intro
FN:75,outro
FN:79,destroy
FN:96,create_if_block
FN:127,create
FN:182,mount
FN:212,update
FN:219,destroy
FN:237,create_fragment
FN:261,select_block_type
FN:271,create
FN:303,claim
FN:306,mount
FN:325,update
FN:342,(anonymous_23)
FN:360,intro
FN:365,outro
FN:369,destroy
FN:386,instance
FN:403,handleRate
FN:420,restartSession
FN:432,(anonymous_30)
FN:436,(anonymous_31)
FN:441,(anonymous_32)
FN:457,(anonymous_33)
FN:471,(anonymous_34)
FN:499,(anonymous_35)
FN:511,(anonymous_36)
FN:515,(anonymous_37)
FN:520,(anonymous_38)
FN:524,(anonymous_39)
FNF:40
FNH:0
FNDA:0,add_css
FNDA:0,create_else_block
FNDA:0,create
FNDA:0,mount
FNDA:0,destroy
FNDA:0,create_if_block_1
FNDA:0,create
FNDA:0,mount
FNDA:0,update
FNDA:0,intro
FNDA:0,outro
FNDA:0,destroy
FNDA:0,create_if_block
FNDA:0,create
FNDA:0,mount
FNDA:0,update
FNDA:0,destroy
FNDA:0,create_fragment
FNDA:0,select_block_type
FNDA:0,create
FNDA:0,claim
FNDA:0,mount
FNDA:0,update
FNDA:0,(anonymous_23)
FNDA:0,intro
FNDA:0,outro
FNDA:0,destroy
FNDA:0,instance
FNDA:0,handleRate
FNDA:0,restartSession
FNDA:0,(anonymous_30)
FNDA:0,(anonymous_31)
FNDA:0,(anonymous_32)
FNDA:0,(anonymous_33)
FNDA:0,(anonymous_34)
FNDA:0,(anonymous_35)
FNDA:0,(anonymous_36)
FNDA:0,(anonymous_37)
FNDA:0,(anonymous_38)
FNDA:0,(anonymous_39)
DA:4,1
DA:5,1
DA:6,1
DA:7,1
DA:10,0
DA:17,0
DA:19,0
DA:20,0
DA:21,0
DA:24,0
DA:30,0
DA:34,0
DA:42,0
DA:50,0
DA:55,0
DA:57,0
DA:59,0
DA:62,0
DA:63,0
DA:66,0
DA:67,0
DA:68,0
DA:71,0
DA:72,0
DA:73,0
DA:76,0
DA:77,0
DA:80,0
DA:84,0
DA:92,0
DA:105,0
DA:112,0
DA:119,0
DA:126,0
DA:128,0
DA:129,0
DA:130,0
DA:131,0
DA:132,0
DA:133,0
DA:134,0
DA:135,0
DA:136,0
DA:137,0
DA:138,0
DA:139,0
DA:140,0
DA:141,0
DA:142,0
DA:143,0
DA:144,0
DA:145,0
DA:146,0
DA:147,0
DA:148,0
DA:149,0
DA:150,0
DA:151,0
DA:152,0
DA:153,0
DA:154,0
DA:155,0
DA:156,0
DA:157,0
DA:158,0
DA:159,0
DA:160,0
DA:161,0
DA:162,0
DA:163,0
DA:164,0
DA:165,0
DA:166,0
DA:167,0
DA:168,0
DA:169,0
DA:170,0
DA:171,0
DA:172,0
DA:173,0
DA:174,0
DA:175,0
DA:176,0
DA:177,0
DA:178,0
DA:179,0
DA:180,0
DA:183,0
DA:184,0
DA:185,0
DA:186,0
DA:187,0
DA:188,0
DA:189,0
DA:190,0
DA:191,0
DA:192,0
DA:193,0
DA:194,0
DA:195,0
DA:196,0
DA:197,0
DA:198,0
DA:199,0
DA:200,0
DA:201,0
DA:202,0
DA:203,0
DA:204,0
DA:205,0
DA:207,0
DA:208,0
DA:209,0
DA:213,0
DA:214,0
DA:215,0
DA:220,0
DA:221,0
DA:222,0
DA:226,0
DA:234,0
DA:247,0
DA:250,0
DA:258,0
DA:259,0
DA:262,0
DA:263,0
DA:264,0
DA:267,0
DA:268,0
DA:270,0
DA:272,0
DA:273,0
DA:274,0
DA:275,0
DA:276,0
DA:277,0
DA:278,0
DA:279,0
DA:280,0
DA:281,0
DA:282,0
DA:283,0
DA:284,0
DA:285,0
DA:286,0
DA:287,0
DA:288,0
DA:289,0
DA:290,0
DA:291,0
DA:292,0
DA:293,0
DA:294,0
DA:295,0
DA:296,0
DA:297,0
DA:298,0
DA:299,0
DA:300,0
DA:301,0
DA:304,0
DA:307,0
DA:308,0
DA:309,0
DA:310,0
DA:311,0
DA:312,0
DA:313,0
DA:314,0
DA:315,0
DA:316,0
DA:317,0
DA:318,0
DA:319,0
DA:320,0
DA:321,0
DA:322,0
DA:323,0
DA:326,0
DA:328,0
DA:329,0
DA:332,0
DA:333,0
DA:334,0
DA:335,0
DA:337,0
DA:338,0
DA:340,0
DA:342,0
DA:343,0
DA:346,0
DA:347,0
DA:349,0
DA:350,0
DA:351,0
DA:353,0
DA:356,0
DA:357,0
DA:361,0
DA:362,0
DA:363,0
DA:366,0
DA:367,0
DA:370,0
DA:371,0
DA:375,0
DA:383,0
DA:390,0
DA:391,0
DA:392,0
DA:393,0
DA:394,0
DA:395,0
DA:397,0
DA:404,0
DA:407,0
DA:409,0
DA:412,0
DA:415,0
DA:416,0
DA:421,0
DA:423,0
DA:430,0
DA:432,0
DA:433,0
DA:436,0
DA:437,0
DA:438,0
DA:441,0
DA:457,0
DA:458,0
DA:459,0
DA:460,0
DA:461,0
DA:462,0
DA:463,0
DA:464,0
DA:467,0
DA:468,0
DA:471,0
DA:472,0
DA:473,0
DA:476,0
DA:477,0
DA:480,0
DA:481,0
DA:485,0
DA:500,0
DA:501,0
DA:503,0
DA:512,0
DA:516,0
DA:517,0
DA:521,0
DA:525,0
DA:526,0
DA:530,1
LF:258
LH:5
BRDA:30,0,0,0
BRDA:30,0,1,0
BRDA:67,1,0,0
BRDA:67,1,1,0
BRDA:71,2,0,0
BRDA:71,2,1,0
BRDA:207,3,0,0
BRDA:207,3,1,0
BRDA:213,4,0,0
BRDA:213,4,1,0
BRDA:213,5,0,0
BRDA:213,5,1,0
BRDA:214,6,0,0
BRDA:214,6,1,0
BRDA:214,7,0,0
BRDA:214,7,1,0
BRDA:215,8,0,0
BRDA:215,8,1,0
BRDA:215,9,0,0
BRDA:215,9,1,0
BRDA:220,10,0,0
BRDA:220,10,1,0
BRDA:262,11,0,0
BRDA:262,11,1,0
BRDA:263,12,0,0
BRDA:263,12,1,0
BRDA:326,13,0,0
BRDA:326,13,1,0
BRDA:326,14,0,0
BRDA:326,14,1,0
BRDA:328,15,0,0
BRDA:328,15,1,0
BRDA:328,16,0,0
BRDA:328,16,1,0
BRDA:332,17,0,0
BRDA:332,17,1,0
BRDA:332,18,0,0
BRDA:332,18,1,0
BRDA:332,18,2,0
BRDA:333,19,0,0
BRDA:333,19,1,0
BRDA:333,20,0,0
BRDA:333,20,1,0
BRDA:333,20,2,0
BRDA:337,21,0,0
BRDA:337,21,1,0
BRDA:349,22,0,0
BRDA:349,22,1,0
BRDA:361,23,0,0
BRDA:361,23,1,0
BRDA:370,24,0,0
BRDA:370,24,1,0
BRDA:390,25,0,0
BRDA:392,26,0,0
BRDA:393,27,0,0
BRDA:407,28,0,0
BRDA:407,28,1,0
BRDA:407,29,0,0
BRDA:407,29,1,0
BRDA:407,30,0,0
BRDA:407,30,1,0
BRDA:415,31,0,0
BRDA:415,31,1,0
BRDA:433,32,0,0
BRDA:433,32,1,0
BRDA:433,33,0,0
BRDA:433,33,1,0
BRDA:433,33,2,0
BRDA:437,34,0,0
BRDA:437,34,1,0
BRDA:438,35,0,0
BRDA:438,35,1,0
BRDA:458,36,0,0
BRDA:458,36,1,0
BRDA:459,37,0,0
BRDA:459,37,1,0
BRDA:460,38,0,0
BRDA:460,38,1,0
BRDA:461,39,0,0
BRDA:461,39,1,0
BRDA:462,40,0,0
BRDA:462,40,1,0
BRDA:463,41,0,0
BRDA:463,41,1,0
BRDA:464,42,0,0
BRDA:464,42,1,0
BRDA:467,43,0,0
BRDA:467,43,1,0
BRDA:467,44,0,0
BRDA:467,44,1,0
BRDA:472,45,0,0
BRDA:472,45,1,0
BRDA:476,46,0,0
BRDA:476,46,1,0
BRDA:480,47,0,0
BRDA:480,47,1,0
BRDA:481,48,0,0
BRDA:481,48,1,0
BRF:98
BRH:0
end_of_record
TN:
SF:src/lib/auth.js
FN:11,initAuth
FN:28,login
FN:42,logout
FN:56,getToken
FN:58,(anonymous_4)
FNF:5
FNH:3
FNDA:2,initAuth
FNDA:2,login
FNDA:1,logout
FNDA:0,getToken
FNDA:0,(anonymous_4)
DA:4,1
DA:12,2
DA:13,2
DA:15,2
DA:16,1
DA:21,1
DA:24,1
DA:30,2
DA:31,2
DA:34,2
DA:44,1
DA:45,1
DA:48,1
DA:58,0
DA:59,0
DA:61,0
DA:63,0
LF:17
LH:13
BRDA:15,0,0,1
BRDA:15,0,1,1
BRDA:15,1,0,2
BRDA:15,1,1,1
BRF:4
BRH:4
end_of_record
TN:
SF:src/lib/utils.js
FN:6,formatDate
FN:34,truncateString
FN:43,generateId
FN:54,debounce
FN:57,executedFunction
FN:58,(anonymous_5)
FNF:6
FNH:6
FNDA:5,formatDate
FNDA:5,truncateString
FNDA:101,generateId
FNDA:4,debounce
FNDA:7,executedFunction
FNDA:4,(anonymous_5)
DA:7,5
DA:9,2
DA:12,2
DA:13,1
DA:17,1
DA:25,1
DA:35,5
DA:36,2
DA:44,101
DA:57,4
DA:58,7
DA:59,4
DA:60,4
DA:63,7
DA:64,7
LF:15
LH:15
BRDA:7,0,0,3
BRDA:7,0,1,2
BRDA:12,1,0,1
BRDA:12,1,1,1
BRDA:34,2,0,3
BRDA:35,3,0,3
BRDA:35,3,1,2
BRDA:35,4,0,5
BRDA:35,4,1,3
BRDA:54,5,0,1
BRF:10
BRH:10
end_of_record
TN:
SF:src/routes/DeckManagement.svelte
FN:10,add_css
FN:15,create_else_block
FN:25,create
FN:28,mount
FN:32,update
FN:37,intro
FN:42,outro
FN:46,destroy
FN:63,create_if_block_1
FN:68,create
FN:74,mount
FN:78,update
FN:83,destroy
FN:100,create_if_block
FN:104,create
FN:109,mount
FN:115,destroy
FN:131,create_fragment
FN:147,select_block_type
FN:157,create
FN:175,claim
FN:178,mount
FN:199,update
FN:208,(anonymous_23)
FN:230,intro
FN:235,outro
FN:239,destroy
FN:261,instance
FN:269,(anonymous_28)
FN:280,createDeck
FN:298,(anonymous_30)
FN:302,input_input_handler
FN:307,(anonymous_32)
FN:318,(anonymous_33)
FN:333,(anonymous_34)
FNF:35
FNH:0
FNDA:0,add_css
FNDA:0,create_else_block
FNDA:0,create
FNDA:0,mount
FNDA:0,update
FNDA:0,intro
FNDA:0,outro
FNDA:0,destroy
FNDA:0,create_if_block_1
FNDA:0,create
FNDA:0,mount
FNDA:0,update
FNDA:0,destroy
FNDA:0,create_if_block
FNDA:0,create
FNDA:0,mount
FNDA:0,destroy
FNDA:0,create_fragment
FNDA:0,select_block_type
FNDA:0,create
FNDA:0,claim
FNDA:0,mount
FNDA:0,update
FNDA:0,(anonymous_23)
FNDA:0,intro
FNDA:0,outro
FNDA:0,destroy
FNDA:0,instance
FNDA:0,(anonymous_28)
FNDA:0,createDeck
FNDA:0,(anonymous_30)
FNDA:0,input_input_handler
FNDA:0,(anonymous_32)
FNDA:0,(anonymous_33)
FNDA:0,(anonymous_34)
DA:4,1
DA:5,1
DA:6,1
DA:7,1
DA:8,1
DA:11,0
DA:19,0
DA:24,0
DA:26,0
DA:29,0
DA:30,0
DA:33,0
DA:34,0
DA:35,0
DA:38,0
DA:39,0
DA:40,0
DA:43,0
DA:44,0
DA:47,0
DA:51,0
DA:59,0
DA:67,0
DA:69,0
DA:70,0
DA:71,0
DA:72,0
DA:75,0
DA:76,0
DA:79,0
DA:84,0
DA:88,0
DA:96,0
DA:103,0
DA:105,0
DA:106,0
DA:107,0
DA:110,0
DA:116,0
DA:120,0
DA:128,0
DA:144,0
DA:145,0
DA:148,0
DA:149,0
DA:150,0
DA:153,0
DA:154,0
DA:156,0
DA:158,0
DA:159,0
DA:160,0
DA:161,0
DA:162,0
DA:163,0
DA:164,0
DA:165,0
DA:166,0
DA:167,0
DA:168,0
DA:169,0
DA:170,0
DA:171,0
DA:172,0
DA:173,0
DA:176,0
DA:179,0
DA:180,0
DA:181,0
DA:182,0
DA:183,0
DA:184,0
DA:185,0
DA:186,0
DA:187,0
DA:188,0
DA:190,0
DA:191,0
DA:196,0
DA:200,0
DA:201,0
DA:203,0
DA:204,0
DA:206,0
DA:208,0
DA:209,0
DA:212,0
DA:213,0
DA:215,0
DA:216,0
DA:217,0
DA:219,0
DA:222,0
DA:223,0
DA:226,0
DA:227,0
DA:231,0
DA:232,0
DA:233,0
DA:236,0
DA:237,0
DA:240,0
DA:241,0
DA:242,0
DA:243,0
DA:244,0
DA:245,0
DA:246,0
DA:250,0
DA:258,0
DA:262,0
DA:263,0
DA:264,0
DA:265,0
DA:266,0
DA:267,0
DA:269,0
DA:270,0
DA:271,0
DA:272,0
DA:274,0
DA:276,0
DA:281,0
DA:283,0
DA:284,0
DA:289,0
DA:290,0
DA:292,0
DA:296,0
DA:298,0
DA:299,0
DA:303,0
DA:304,0
DA:307,0
DA:318,0
DA:319,0
DA:320,0
DA:321,0
DA:322,0
DA:325,0
DA:326,0
DA:329,0
DA:334,0
DA:335,0
DA:337,0
DA:346,1
LF:146
LH:6
BRDA:34,0,0,0
BRDA:34,0,1,0
BRDA:38,1,0,0
BRDA:38,1,1,0
BRDA:79,2,0,0
BRDA:79,2,1,0
BRDA:84,3,0,0
BRDA:84,3,1,0
BRDA:116,4,0,0
BRDA:116,4,1,0
BRDA:148,5,0,0
BRDA:148,5,1,0
BRDA:149,6,0,0
BRDA:149,6,1,0
BRDA:190,7,0,0
BRDA:190,7,1,0
BRDA:203,8,0,0
BRDA:203,8,1,0
BRDA:215,9,0,0
BRDA:215,9,1,0
BRDA:226,10,0,0
BRDA:226,10,1,0
BRDA:226,11,0,0
BRDA:226,11,1,0
BRDA:231,12,0,0
BRDA:231,12,1,0
BRDA:240,13,0,0
BRDA:240,13,1,0
BRDA:241,14,0,0
BRDA:241,14,1,0
BRDA:243,15,0,0
BRDA:243,15,1,0
BRDA:244,16,0,0
BRDA:244,16,1,0
BRDA:262,17,0,0
BRDA:281,18,0,0
BRDA:281,18,1,0
BRDA:299,19,0,0
BRDA:299,19,1,0
BRDA:299,20,0,0
BRDA:299,20,1,0
BRDA:299,20,2,0
BRDA:319,21,0,0
BRDA:319,21,1,0
BRDA:320,22,0,0
BRDA:320,22,1,0
BRDA:321,23,0,0
BRDA:321,23,1,0
BRDA:322,24,0,0
BRDA:322,24,1,0
BRDA:325,25,0,0
BRDA:325,25,1,0
BRDA:325,26,0,0
BRDA:325,26,1,0
BRF:54
BRH:0
end_of_record
TN:
SF:src/routes/Home.svelte
FN:7,add_css
FN:11,create_fragment
FN:19,create
FN:34,claim
FN:37,mount
FN:47,destroy
FN:67,instance
FN:72,(anonymous_7)
FN:80,(anonymous_8)
FNF:9
FNH:7
FNDA:2,add_css
FNDA:2,create_fragment
FNDA:2,create
FNDA:0,claim
FNDA:2,mount
FNDA:2,destroy
FNDA:2,instance
FNDA:0,(anonymous_7)
FNDA:2,(anonymous_8)
DA:4,1
DA:5,1
DA:8,2
DA:18,2
DA:20,2
DA:21,2
DA:22,2
DA:23,2
DA:24,2
DA:25,2
DA:26,2
DA:27,2
DA:28,2
DA:29,2
DA:30,2
DA:31,2
DA:32,2
DA:35,0
DA:38,2
DA:39,2
DA:40,2
DA:41,2
DA:42,2
DA:48,2
DA:49,2
DA:50,2
DA:51,2
DA:52,2
DA:56,2
DA:64,2
DA:68,2
DA:69,2
DA:70,2
DA:72,2
DA:73,0
DA:76,2
DA:81,2
DA:82,2
DA:84,2
DA:93,1
LF:40
LH:38
BRDA:48,0,0,2
BRDA:48,0,1,0
BRDA:49,1,0,2
BRDA:49,1,1,0
BRDA:50,2,0,2
BRDA:50,2,1,0
BRDA:51,3,0,2
BRDA:51,3,1,0
BRDA:52,4,0,2
BRDA:52,4,1,0
BRDA:68,5,0,2
BRDA:73,6,0,0
BRDA:73,6,1,0
BRDA:73,7,0,0
BRDA:73,7,1,0
BRDA:73,7,2,0
BRF:16
BRH:6
end_of_record
TN:
SF:src/routes/Login.svelte
FN:9,create_if_block
FN:14,create
FN:20,mount
FN:24,update
FN:27,destroy
FN:43,create_fragment
FN:56,create
FN:76,claim
FN:79,mount
FN:101,update
FN:125,destroy
FN:144,instance
FN:151,handleLogin
FN:164,(anonymous_13)
FN:168,input0_input_handler
FN:173,input1_input_handler
FN:178,(anonymous_16)
FN:186,(anonymous_17)
FN:207,(anonymous_18)
FNF:19
FNH:0
FNDA:0,create_if_block
FNDA:0,create
FNDA:0,mount
FNDA:0,update
FNDA:0,destroy
FNDA:0,create_fragment
FNDA:0,create
FNDA:0,claim
FNDA:0,mount
FNDA:0,update
FNDA:0,destroy
FNDA:0,instance
FNDA:0,handleLogin
FNDA:0,(anonymous_13)
FNDA:0,input0_input_handler
FNDA:0,input1_input_handler
FNDA:0,(anonymous_16)
FNDA:0,(anonymous_17)
FNDA:0,(anonymous_18)
DA:4,1
DA:5,1
DA:6,1
DA:13,0
DA:15,0
DA:16,0
DA:17,0
DA:18,0
DA:21,0
DA:22,0
DA:25,0
DA:28,0
DA:32,0
DA:40,0
DA:53,0
DA:55,0
DA:57,0
DA:58,0
DA:59,0
DA:60,0
DA:61,0
DA:62,0
DA:63,0
DA:64,0
DA:65,0
DA:66,0
DA:67,0
DA:68,0
DA:69,0
DA:70,0
DA:71,0
DA:72,0
DA:73,0
DA:74,0
DA:77,0
DA:80,0
DA:81,0
DA:82,0
DA:83,0
DA:84,0
DA:85,0
DA:86,0
DA:87,0
DA:88,0
DA:89,0
DA:91,0
DA:92,0
DA:98,0
DA:102,0
DA:103,0
DA:106,0
DA:107,0
DA:110,0
DA:111,0
DA:112,0
DA:114,0
DA:115,0
DA:116,0
DA:118,0
DA:119,0
DA:120,0
DA:126,0
DA:127,0
DA:128,0
DA:129,0
DA:133,0
DA:141,0
DA:145,0
DA:146,0
DA:147,0
DA:148,0
DA:149,0
DA:152,0
DA:153,0
DA:158,0
DA:162,0
DA:164,0
DA:165,0
DA:169,0
DA:170,0
DA:174,0
DA:175,0
DA:178,0
DA:186,0
DA:187,0
DA:188,0
DA:189,0
DA:192,0
DA:193,0
DA:196,0
DA:208,0
DA:209,0
DA:211,0
DA:220,1
LF:94
LH:4
BRDA:25,0,0,0
BRDA:25,0,1,0
BRDA:28,1,0,0
BRDA:28,1,1,0
BRDA:53,2,0,0
BRDA:53,2,1,0
BRDA:65,3,0,0
BRDA:65,3,1,0
BRDA:89,4,0,0
BRDA:89,4,1,0
BRDA:91,5,0,0
BRDA:91,5,1,0
BRDA:102,6,0,0
BRDA:102,6,1,0
BRDA:102,7,0,0
BRDA:102,7,1,0
BRDA:106,8,0,0
BRDA:106,8,1,0
BRDA:106,9,0,0
BRDA:106,9,1,0
BRDA:110,10,0,0
BRDA:110,10,1,0
BRDA:111,11,0,0
BRDA:111,11,1,0
BRDA:118,12,0,0
BRDA:118,12,1,0
BRDA:126,13,0,0
BRDA:126,13,1,0
BRDA:127,14,0,0
BRDA:127,14,1,0
BRDA:145,15,0,0
BRDA:165,16,0,0
BRDA:165,16,1,0
BRDA:165,17,0,0
BRDA:165,17,1,0
BRDA:165,17,2,0
BRDA:187,18,0,0
BRDA:187,18,1,0
BRDA:188,19,0,0
BRDA:188,19,1,0
BRDA:189,20,0,0
BRDA:189,20,1,0
BRDA:192,21,0,0
BRDA:192,21,1,0
BRDA:192,22,0,0
BRDA:192,22,1,0
BRF:46
BRH:0
end_of_record
